The following modules were not unloaded:
  (Use "module --force purge" to unload all):

  1) StdEnv
/usr/share/lmod/lmod/init/bash: line 163: conda: command not found
QStandardPaths: XDG_RUNTIME_DIR points to non-existing path '/dev/shm/tmp.roJpeh069O', please create it with 0700 permissions.
make the demo Anipose video for Eddie Sparkle
printing frame  31 / 120
printing frame  32 / 120
printing frame  33 / 120
printing frame  34 / 120
printing frame  35 / 120
printing frame  36 / 120
printing frame  37 / 120
printing frame  38 / 120
printing frame  39 / 120
printing frame  40 / 120
printing frame  41 / 120
printing frame  42 / 120
printing frame  43 / 120
printing frame  44 / 120
printing frame  45 / 120
printing frame  46 / 120
printing frame  47 / 120
printing frame  48 / 120
printing frame  49 / 120
printing frame  50 / 120
printing frame  51 / 120
printing frame  52 / 120
printing frame  53 / 120
printing frame  54 / 120
printing frame  55 / 120
printing frame  56 / 120
printing frame  57 / 120
printing frame  58 / 120
printing frame  59 / 120
printing frame  60 / 120
printing frame  61 / 120
printing frame  62 / 120
printing frame  63 / 120
printing frame  64 / 120
printing frame  65 / 120
printing frame  66 / 120
printing frame  67 / 120
printing frame  68 / 120
printing frame  69 / 120
printing frame  70 / 120
printing frame  71 / 120
printing frame  72 / 120
printing frame  73 / 120
printing frame  74 / 120
printing frame  75 / 120
printing frame  76 / 120
printing frame  77 / 120
printing frame  78 / 120
printing frame  79 / 120
printing frame  80 / 120
printing frame  81 / 120
printing frame  82 / 120
printing frame  83 / 120
printing frame  84 / 120
printing frame  85 / 120
printing frame  86 / 120
printing frame  87 / 120
printing frame  88 / 120
printing frame  89 / 120
printing frame  90 / 120
printing frame  91 / 120
printing frame  92 / 120
printing frame  93 / 120
printing frame  94 / 120
printing frame  95 / 120
printing frame  96 / 120
printing frame  97 / 120
printing frame  98 / 120
printing frame  99 / 120
printing frame  100 / 120
printing frame  101 / 120
printing frame  102 / 120
printing frame  103 / 120
printing frame  104 / 120
printing frame  105 / 120
printing frame  106 / 120
printing frame  107 / 120
printing frame  108 / 120
printing frame  109 / 120
printing frame  110 / 120
printing frame  111 / 120
printing frame  112 / 120
printing frame  113 / 120
printing frame  114 / 120
printing frame  115 / 120
printing frame  116 / 120
printing frame  117 / 120
printing frame  118 / 120
printing frame  119 / 120
printing frame  120 / 120
