The following modules were not unloaded:
  (Use "module --force purge" to unload all):

  1) StdEnv
/gpfs/radev/home/ws523/marmoset_tracking_DLCv2/following_up_analysis/3d_recontruction_analysis_self_and_coop_task_neural_analysis/ana_functions/body_part_locs_singlecam.py:123: RuntimeWarning: Mean of empty slice
  mass_loc_a2 = np.nanmean(np.vstack((lefteye_loc_a2,righteye_loc_a2,lefteye_loc_a2,righteye_loc_a2,whiblz_loc_a2,mouth_loc_a2)),axis=0)
/gpfs/radev/home/ws523/marmoset_tracking_DLCv2/following_up_analysis/3d_recontruction_analysis_self_and_coop_task_neural_analysis/ana_functions/body_part_locs_singlecam.py:111: RuntimeWarning: Mean of empty slice
  mass_loc_a1 = np.nanmean(np.vstack((lefteye_loc_a1,righteye_loc_a1,lefteye_loc_a1,righteye_loc_a1,whiblz_loc_a1,mouth_loc_a1)),axis=0)
analyze all dates
load social gaze with camera-2 only of 20240508
load spike data for 20240508_Kanga_SR
plot event aligned firing rate
plot strategy aligned firing rate
plot spike triggered bhv variables
load social gaze with camera-2 only of 20240509
load spike data for 20240509_Kanga_MC
plot event aligned firing rate
plot strategy aligned firing rate
plot spike triggered bhv variables
load social gaze with camera-2 only of 20240513
load spike data for 20240513_Kanga_MC
plot event aligned firing rate
plot strategy aligned firing rate
plot spike triggered bhv variables
load social gaze with camera-2 only of 20240514
load spike data for 20240514_Kanga_SR
plot event aligned firing rate
plot strategy aligned firing rate
plot spike triggered bhv variables
load social gaze with camera-2 only of 20240523
load spike data for 20240523_Kanga_MC
plot event aligned firing rate
plot strategy aligned firing rate
plot spike triggered bhv variables
load social gaze with camera-2 only of 20240524
load spike data for 20240524_Kanga_SR
plot event aligned firing rate
plot strategy aligned firing rate
plot spike triggered bhv variables
load social gaze with camera-2 only of 20240606
load spike data for 20240606_Kanga_MC
plot event aligned firing rate
plot strategy aligned firing rate
plot spike triggered bhv variables
load social gaze with camera-2 only of 20240613
load spike data for 20240613_Kanga_MC_DannonAuto
plot event aligned firing rate
plot strategy aligned firing rate
plot spike triggered bhv variables
load social gaze with camera-2 only of 20240614
load spike data for 20240614_Kanga_MC_DannonAuto
plot event aligned firing rate
plot strategy aligned firing rate
plot spike triggered bhv variables
load social gaze with camera-2 only of 20240617
load spike data for 20240617_Kanga_MC_DannonAuto
plot event aligned firing rate
plot strategy aligned firing rate
plot spike triggered bhv variables
load social gaze with camera-2 only of 20240618
load spike data for 20240618_Kanga_MC_KangaAuto
plot event aligned firing rate
plot strategy aligned firing rate
plot spike triggered bhv variables
load social gaze with camera-2 only of 20240619
load spike data for 20240619_Kanga_MC_KangaAuto
plot event aligned firing rate
plot strategy aligned firing rate
plot spike triggered bhv variables
load social gaze with camera-2 only of 20240620
load spike data for 20240620_Kanga_MC_KangaAuto
plot event aligned firing rate
plot strategy aligned firing rate
plot spike triggered bhv variables
load social gaze with camera-2 only of 20240621_1
load spike data for 20240621_1_Kanga_NoVis
plot event aligned firing rate
plot strategy aligned firing rate
plot spike triggered bhv variables
load social gaze with camera-2 only of 20240624
load spike data for 20240624_Kanga_NoVis
plot event aligned firing rate
plot strategy aligned firing rate
plot spike triggered bhv variables
load social gaze with camera-2 only of 20240626
load spike data for 20240626_Kanga_NoVis
plot event aligned firing rate
plot strategy aligned firing rate
plot spike triggered bhv variables
Traceback (most recent call last):
  File "basic_neural_analysis_allsessions_basicEvents_PCA_makeBhvNeuronVideos.py", line 2478, in <module>
    fig1, axs1 = plt.subplots(3,nconds_to_ana)
  File "/home/ws523/.conda/envs/DLC/lib/python3.8/site-packages/matplotlib/_api/deprecation.py", line 471, in wrapper
    return func(*args, **kwargs)
  File "/home/ws523/.conda/envs/DLC/lib/python3.8/site-packages/matplotlib/pyplot.py", line 1440, in subplots
    axs = fig.subplots(nrows=nrows, ncols=ncols, sharex=sharex, sharey=sharey,
  File "/home/ws523/.conda/envs/DLC/lib/python3.8/site-packages/matplotlib/_api/deprecation.py", line 471, in wrapper
    return func(*args, **kwargs)
  File "/home/ws523/.conda/envs/DLC/lib/python3.8/site-packages/matplotlib/figure.py", line 910, in subplots
    gs = self.add_gridspec(nrows, ncols, figure=self, **gridspec_kw)
  File "/home/ws523/.conda/envs/DLC/lib/python3.8/site-packages/matplotlib/figure.py", line 1408, in add_gridspec
    gs = GridSpec(nrows=nrows, ncols=ncols, figure=self, **kwargs)
  File "/home/ws523/.conda/envs/DLC/lib/python3.8/site-packages/matplotlib/gridspec.py", line 397, in __init__
    super().__init__(nrows, ncols,
  File "/home/ws523/.conda/envs/DLC/lib/python3.8/site-packages/matplotlib/gridspec.py", line 52, in __init__
    raise ValueError(
ValueError: Number of columns must be a positive integer, not 0
