The following modules were not unloaded:
  (Use "module --force purge" to unload all):

  1) StdEnv
/vast/palmer/home.mccleary/ws523/marmoset_tracking_DLCv2/following_up_analysis/3d_recontruction_analysis_self_and_coop_task_neural_analysis/ana_functions/body_part_locs_singlecam.py:111: RuntimeWarning: Mean of empty slice
  mass_loc_a1 = np.nanmean(np.vstack((lefteye_loc_a1,righteye_loc_a1,lefteye_loc_a1,righteye_loc_a1,whiblz_loc_a1,mouth_loc_a1)),axis=0)
/vast/palmer/home.mccleary/ws523/marmoset_tracking_DLCv2/following_up_analysis/3d_recontruction_analysis_self_and_coop_task_neural_analysis/ana_functions/body_part_locs_singlecam.py:123: RuntimeWarning: Mean of empty slice
  mass_loc_a2 = np.nanmean(np.vstack((lefteye_loc_a2,righteye_loc_a2,lefteye_loc_a2,righteye_loc_a2,whiblz_loc_a2,mouth_loc_a2)),axis=0)
analyze all dates
load social gaze with camera-2 only of 20240531
analyze social gaze with camera-2 only of 20240531
load spike data for 20240531_Dodson_MC_and_SR
printing frame  1 / 300
printing frame  2 / 300
printing frame  3 / 300
printing frame  4 / 300
printing frame  5 / 300
printing frame  6 / 300
printing frame  7 / 300
printing frame  8 / 300
printing frame  9 / 300
printing frame  10 / 300
printing frame  11 / 300
printing frame  12 / 300
printing frame  13 / 300
printing frame  14 / 300
printing frame  15 / 300
printing frame  16 / 300
printing frame  17 / 300
printing frame  18 / 300
printing frame  19 / 300
printing frame  20 / 300
printing frame  21 / 300
printing frame  22 / 300
printing frame  23 / 300
printing frame  24 / 300
printing frame  25 / 300
printing frame  26 / 300
printing frame  27 / 300
printing frame  28 / 300
printing frame  29 / 300
printing frame  30 / 300
printing frame  31 / 300
printing frame  32 / 300
printing frame  33 / 300
printing frame  34 / 300
printing frame  35 / 300
printing frame  36 / 300
printing frame  37 / 300
printing frame  38 / 300
printing frame  39 / 300
printing frame  40 / 300
printing frame  41 / 300
printing frame  42 / 300
printing frame  43 / 300
printing frame  44 / 300
printing frame  45 / 300
printing frame  46 / 300
printing frame  47 / 300
printing frame  48 / 300
printing frame  49 / 300
printing frame  50 / 300
printing frame  51 / 300
printing frame  52 / 300
printing frame  53 / 300
printing frame  54 / 300
printing frame  55 / 300
printing frame  56 / 300
printing frame  57 / 300
printing frame  58 / 300
printing frame  59 / 300
printing frame  60 / 300
printing frame  61 / 300
printing frame  62 / 300
printing frame  63 / 300
printing frame  64 / 300
printing frame  65 / 300
printing frame  66 / 300
printing frame  67 / 300
printing frame  68 / 300
printing frame  69 / 300
printing frame  70 / 300
printing frame  71 / 300
printing frame  72 / 300
printing frame  73 / 300
printing frame  74 / 300
printing frame  75 / 300
printing frame  76 / 300
printing frame  77 / 300
printing frame  78 / 300
printing frame  79 / 300
printing frame  80 / 300
printing frame  81 / 300
printing frame  82 / 300
printing frame  83 / 300
printing frame  84 / 300
printing frame  85 / 300
printing frame  86 / 300
printing frame  87 / 300
printing frame  88 / 300
printing frame  89 / 300
printing frame  90 / 300
printing frame  91 / 300
printing frame  92 / 300
printing frame  93 / 300
printing frame  94 / 300
printing frame  95 / 300
printing frame  96 / 300
printing frame  97 / 300
printing frame  98 / 300
printing frame  99 / 300
printing frame  100 / 300
printing frame  101 / 300
printing frame  102 / 300
printing frame  103 / 300
printing frame  104 / 300
printing frame  105 / 300
printing frame  106 / 300
printing frame  107 / 300
printing frame  108 / 300
printing frame  109 / 300
printing frame  110 / 300
printing frame  111 / 300
printing frame  112 / 300
printing frame  113 / 300
printing frame  114 / 300
printing frame  115 / 300
printing frame  116 / 300
printing frame  117 / 300
printing frame  118 / 300
printing frame  119 / 300
printing frame  120 / 300
printing frame  121 / 300
printing frame  122 / 300
printing frame  123 / 300
printing frame  124 / 300
printing frame  125 / 300
printing frame  126 / 300
printing frame  127 / 300
printing frame  128 / 300
printing frame  129 / 300
printing frame  130 / 300
printing frame  131 / 300
printing frame  132 / 300
printing frame  133 / 300
printing frame  134 / 300
printing frame  135 / 300
printing frame  136 / 300
printing frame  137 / 300
printing frame  138 / 300
printing frame  139 / 300
printing frame  140 / 300
printing frame  141 / 300
printing frame  142 / 300
printing frame  143 / 300
printing frame  144 / 300
printing frame  145 / 300
printing frame  146 / 300
printing frame  147 / 300
printing frame  148 / 300
printing frame  149 / 300
printing frame  150 / 300
printing frame  151 / 300
printing frame  152 / 300
printing frame  153 / 300
printing frame  154 / 300
printing frame  155 / 300
printing frame  156 / 300
printing frame  157 / 300
printing frame  158 / 300
printing frame  159 / 300
printing frame  160 / 300
printing frame  161 / 300
printing frame  162 / 300
printing frame  163 / 300
printing frame  164 / 300
printing frame  165 / 300
printing frame  166 / 300
printing frame  167 / 300
printing frame  168 / 300
printing frame  169 / 300
printing frame  170 / 300
printing frame  171 / 300
printing frame  172 / 300
printing frame  173 / 300
printing frame  174 / 300
printing frame  175 / 300
printing frame  176 / 300
printing frame  177 / 300
printing frame  178 / 300
printing frame  179 / 300
printing frame  180 / 300
printing frame  181 / 300
printing frame  182 / 300
printing frame  183 / 300
printing frame  184 / 300
printing frame  185 / 300
printing frame  186 / 300
printing frame  187 / 300
printing frame  188 / 300
printing frame  189 / 300
printing frame  190 / 300
printing frame  191 / 300
printing frame  192 / 300
printing frame  193 / 300
printing frame  194 / 300
printing frame  195 / 300
printing frame  196 / 300
printing frame  197 / 300
printing frame  198 / 300
printing frame  199 / 300
printing frame  200 / 300
printing frame  201 / 300
printing frame  202 / 300
printing frame  203 / 300
printing frame  204 / 300
printing frame  205 / 300
printing frame  206 / 300
printing frame  207 / 300
printing frame  208 / 300
printing frame  209 / 300
printing frame  210 / 300
printing frame  211 / 300
printing frame  212 / 300
printing frame  213 / 300
printing frame  214 / 300
printing frame  215 / 300
printing frame  216 / 300
printing frame  217 / 300
printing frame  218 / 300
printing frame  219 / 300
printing frame  220 / 300
printing frame  221 / 300
printing frame  222 / 300
printing frame  223 / 300
printing frame  224 / 300
printing frame  225 / 300
printing frame  226 / 300
printing frame  227 / 300
printing frame  228 / 300
printing frame  229 / 300
printing frame  230 / 300
printing frame  231 / 300
printing frame  232 / 300
printing frame  233 / 300
printing frame  234 / 300
printing frame  235 / 300
printing frame  236 / 300
printing frame  237 / 300
printing frame  238 / 300
printing frame  239 / 300
printing frame  240 / 300
printing frame  241 / 300
printing frame  242 / 300
printing frame  243 / 300
printing frame  244 / 300
printing frame  245 / 300
printing frame  246 / 300
printing frame  247 / 300
printing frame  248 / 300
printing frame  249 / 300
printing frame  250 / 300
printing frame  251 / 300
printing frame  252 / 300
printing frame  253 / 300
printing frame  254 / 300
printing frame  255 / 300
printing frame  256 / 300
printing frame  257 / 300
printing frame  258 / 300
printing frame  259 / 300
printing frame  260 / 300
printing frame  261 / 300
printing frame  262 / 300
printing frame  263 / 300
printing frame  264 / 300
printing frame  265 / 300
printing frame  266 / 300
printing frame  267 / 300
printing frame  268 / 300
printing frame  269 / 300
printing frame  270 / 300
printing frame  271 / 300
printing frame  272 / 300
printing frame  273 / 300
printing frame  274 / 300
printing frame  275 / 300
printing frame  276 / 300
printing frame  277 / 300
printing frame  278 / 300
printing frame  279 / 300
printing frame  280 / 300
printing frame  281 / 300
printing frame  282 / 300
printing frame  283 / 300
printing frame  284 / 300
printing frame  285 / 300
printing frame  286 / 300
printing frame  287 / 300
printing frame  288 / 300
printing frame  289 / 300
printing frame  290 / 300
printing frame  291 / 300
printing frame  292 / 300
printing frame  293 / 300
printing frame  294 / 300
printing frame  295 / 300
printing frame  296 / 300
printing frame  297 / 300
printing frame  298 / 300
printing frame  299 / 300
printing frame  300 / 300
load LFP data for 20240531_Dodson_MC_and_SR
printing frame  1 / 1350
printing frame  2 / 1350
printing frame  3 / 1350
printing frame  4 / 1350
printing frame  5 / 1350
printing frame  6 / 1350
printing frame  7 / 1350
printing frame  8 / 1350
printing frame  9 / 1350
printing frame  10 / 1350
printing frame  11 / 1350
printing frame  12 / 1350
printing frame  13 / 1350
printing frame  14 / 1350
printing frame  15 / 1350
printing frame  16 / 1350
printing frame  17 / 1350
printing frame  18 / 1350
printing frame  19 / 1350
printing frame  20 / 1350
printing frame  21 / 1350
printing frame  22 / 1350
printing frame  23 / 1350
printing frame  24 / 1350
printing frame  25 / 1350
printing frame  26 / 1350
printing frame  27 / 1350
printing frame  28 / 1350
printing frame  29 / 1350
printing frame  30 / 1350
printing frame  31 / 1350
printing frame  32 / 1350
printing frame  33 / 1350
printing frame  34 / 1350
printing frame  35 / 1350
printing frame  36 / 1350
printing frame  37 / 1350
printing frame  38 / 1350
printing frame  39 / 1350
printing frame  40 / 1350
printing frame  41 / 1350
printing frame  42 / 1350
printing frame  43 / 1350
printing frame  44 / 1350
printing frame  45 / 1350
printing frame  46 / 1350
printing frame  47 / 1350
printing frame  48 / 1350
printing frame  49 / 1350
printing frame  50 / 1350
printing frame  51 / 1350
printing frame  52 / 1350
printing frame  53 / 1350
printing frame  54 / 1350
printing frame  55 / 1350
printing frame  56 / 1350
printing frame  57 / 1350
printing frame  58 / 1350
printing frame  59 / 1350
printing frame  60 / 1350
printing frame  61 / 1350
printing frame  62 / 1350
printing frame  63 / 1350
printing frame  64 / 1350
printing frame  65 / 1350
printing frame  66 / 1350
printing frame  67 / 1350
printing frame  68 / 1350
printing frame  69 / 1350
printing frame  70 / 1350
printing frame  71 / 1350
printing frame  72 / 1350
printing frame  73 / 1350
printing frame  74 / 1350
printing frame  75 / 1350
printing frame  76 / 1350
printing frame  77 / 1350
printing frame  78 / 1350
printing frame  79 / 1350
printing frame  80 / 1350
printing frame  81 / 1350
printing frame  82 / 1350
printing frame  83 / 1350
printing frame  84 / 1350
printing frame  85 / 1350
printing frame  86 / 1350
printing frame  87 / 1350
printing frame  88 / 1350
printing frame  89 / 1350
printing frame  90 / 1350
printing frame  91 / 1350
printing frame  92 / 1350
printing frame  93 / 1350
printing frame  94 / 1350
printing frame  95 / 1350
printing frame  96 / 1350
printing frame  97 / 1350
printing frame  98 / 1350
printing frame  99 / 1350
printing frame  100 / 1350
printing frame  101 / 1350
printing frame  102 / 1350
printing frame  103 / 1350
printing frame  104 / 1350
printing frame  105 / 1350
printing frame  106 / 1350
printing frame  107 / 1350
printing frame  108 / 1350
printing frame  109 / 1350
printing frame  110 / 1350
printing frame  111 / 1350
printing frame  112 / 1350
printing frame  113 / 1350
printing frame  114 / 1350
printing frame  115 / 1350
printing frame  116 / 1350
printing frame  117 / 1350
printing frame  118 / 1350
printing frame  119 / 1350
printing frame  120 / 1350
printing frame  121 / 1350
printing frame  122 / 1350
printing frame  123 / 1350
printing frame  124 / 1350
printing frame  125 / 1350
printing frame  126 / 1350
printing frame  127 / 1350
printing frame  128 / 1350
printing frame  129 / 1350
printing frame  130 / 1350
printing frame  131 / 1350
printing frame  132 / 1350
printing frame  133 / 1350
printing frame  134 / 1350
printing frame  135 / 1350
printing frame  136 / 1350
printing frame  137 / 1350
printing frame  138 / 1350
printing frame  139 / 1350
printing frame  140 / 1350
printing frame  141 / 1350
printing frame  142 / 1350
printing frame  143 / 1350
printing frame  144 / 1350
printing frame  145 / 1350
printing frame  146 / 1350
printing frame  147 / 1350
printing frame  148 / 1350
printing frame  149 / 1350
printing frame  150 / 1350
printing frame  151 / 1350
printing frame  152 / 1350
printing frame  153 / 1350
printing frame  154 / 1350
printing frame  155 / 1350
printing frame  156 / 1350
printing frame  157 / 1350
printing frame  158 / 1350
printing frame  159 / 1350
printing frame  160 / 1350
printing frame  161 / 1350
printing frame  162 / 1350
printing frame  163 / 1350
printing frame  164 / 1350
printing frame  165 / 1350
printing frame  166 / 1350
printing frame  167 / 1350
printing frame  168 / 1350
printing frame  169 / 1350
printing frame  170 / 1350
printing frame  171 / 1350
printing frame  172 / 1350
printing frame  173 / 1350
printing frame  174 / 1350
printing frame  175 / 1350
printing frame  176 / 1350
printing frame  177 / 1350
printing frame  178 / 1350
printing frame  179 / 1350
printing frame  180 / 1350
printing frame  181 / 1350
printing frame  182 / 1350
printing frame  183 / 1350
printing frame  184 / 1350
printing frame  185 / 1350
printing frame  186 / 1350
printing frame  187 / 1350
printing frame  188 / 1350
printing frame  189 / 1350
printing frame  190 / 1350
printing frame  191 / 1350
printing frame  192 / 1350
printing frame  193 / 1350
printing frame  194 / 1350
printing frame  195 / 1350
printing frame  196 / 1350
printing frame  197 / 1350
printing frame  198 / 1350
printing frame  199 / 1350
printing frame  200 / 1350
printing frame  201 / 1350
printing frame  202 / 1350
printing frame  203 / 1350
printing frame  204 / 1350
printing frame  205 / 1350
printing frame  206 / 1350
printing frame  207 / 1350
printing frame  208 / 1350
printing frame  209 / 1350
printing frame  210 / 1350
printing frame  211 / 1350
printing frame  212 / 1350
printing frame  213 / 1350
printing frame  214 / 1350
printing frame  215 / 1350
printing frame  216 / 1350
printing frame  217 / 1350
printing frame  218 / 1350
printing frame  219 / 1350
printing frame  220 / 1350
printing frame  221 / 1350
printing frame  222 / 1350
printing frame  223 / 1350
printing frame  224 / 1350
printing frame  225 / 1350
printing frame  226 / 1350
printing frame  227 / 1350
printing frame  228 / 1350
printing frame  229 / 1350
printing frame  230 / 1350
printing frame  231 / 1350
printing frame  232 / 1350
printing frame  233 / 1350
printing frame  234 / 1350
printing frame  235 / 1350
printing frame  236 / 1350
printing frame  237 / 1350
printing frame  238 / 1350
printing frame  239 / 1350
printing frame  240 / 1350
printing frame  241 / 1350
printing frame  242 / 1350
printing frame  243 / 1350
printing frame  244 / 1350
printing frame  245 / 1350
printing frame  246 / 1350
printing frame  247 / 1350
printing frame  248 / 1350
printing frame  249 / 1350
printing frame  250 / 1350
printing frame  251 / 1350
printing frame  252 / 1350
printing frame  253 / 1350
printing frame  254 / 1350
printing frame  255 / 1350
printing frame  256 / 1350
printing frame  257 / 1350
printing frame  258 / 1350
printing frame  259 / 1350
printing frame  260 / 1350
printing frame  261 / 1350
printing frame  262 / 1350
printing frame  263 / 1350
printing frame  264 / 1350
printing frame  265 / 1350
printing frame  266 / 1350
printing frame  267 / 1350
printing frame  268 / 1350
printing frame  269 / 1350
printing frame  270 / 1350
printing frame  271 / 1350
printing frame  272 / 1350
printing frame  273 / 1350
printing frame  274 / 1350
printing frame  275 / 1350
printing frame  276 / 1350
printing frame  277 / 1350
printing frame  278 / 1350
printing frame  279 / 1350
printing frame  280 / 1350
printing frame  281 / 1350
printing frame  282 / 1350
printing frame  283 / 1350
printing frame  284 / 1350
printing frame  285 / 1350
printing frame  286 / 1350
printing frame  287 / 1350
printing frame  288 / 1350
printing frame  289 / 1350
printing frame  290 / 1350
printing frame  291 / 1350
printing frame  292 / 1350
printing frame  293 / 1350
printing frame  294 / 1350
printing frame  295 / 1350
printing frame  296 / 1350
printing frame  297 / 1350
printing frame  298 / 1350
printing frame  299 / 1350
printing frame  300 / 1350
printing frame  301 / 1350
printing frame  302 / 1350
printing frame  303 / 1350
printing frame  304 / 1350
printing frame  305 / 1350
printing frame  306 / 1350
printing frame  307 / 1350
printing frame  308 / 1350
printing frame  309 / 1350
printing frame  310 / 1350
printing frame  311 / 1350
printing frame  312 / 1350
printing frame  313 / 1350
printing frame  314 / 1350
printing frame  315 / 1350
printing frame  316 / 1350
printing frame  317 / 1350
printing frame  318 / 1350
printing frame  319 / 1350
printing frame  320 / 1350
printing frame  321 / 1350
printing frame  322 / 1350
printing frame  323 / 1350
printing frame  324 / 1350
printing frame  325 / 1350
printing frame  326 / 1350
printing frame  327 / 1350
printing frame  328 / 1350
printing frame  329 / 1350
printing frame  330 / 1350
printing frame  331 / 1350
printing frame  332 / 1350
printing frame  333 / 1350
printing frame  334 / 1350
printing frame  335 / 1350
printing frame  336 / 1350
printing frame  337 / 1350
printing frame  338 / 1350
printing frame  339 / 1350
printing frame  340 / 1350
printing frame  341 / 1350
printing frame  342 / 1350
printing frame  343 / 1350
printing frame  344 / 1350
printing frame  345 / 1350
printing frame  346 / 1350
printing frame  347 / 1350
printing frame  348 / 1350
printing frame  349 / 1350
printing frame  350 / 1350
printing frame  351 / 1350
printing frame  352 / 1350
printing frame  353 / 1350
printing frame  354 / 1350
printing frame  355 / 1350
printing frame  356 / 1350
printing frame  357 / 1350
printing frame  358 / 1350
printing frame  359 / 1350
printing frame  360 / 1350
printing frame  361 / 1350
printing frame  362 / 1350
printing frame  363 / 1350
printing frame  364 / 1350
printing frame  365 / 1350
printing frame  366 / 1350
printing frame  367 / 1350
printing frame  368 / 1350
printing frame  369 / 1350
printing frame  370 / 1350
printing frame  371 / 1350
printing frame  372 / 1350
printing frame  373 / 1350
printing frame  374 / 1350
printing frame  375 / 1350
printing frame  376 / 1350
printing frame  377 / 1350
printing frame  378 / 1350
printing frame  379 / 1350
printing frame  380 / 1350
printing frame  381 / 1350
printing frame  382 / 1350
printing frame  383 / 1350
printing frame  384 / 1350
printing frame  385 / 1350
printing frame  386 / 1350
printing frame  387 / 1350
printing frame  388 / 1350
printing frame  389 / 1350
printing frame  390 / 1350
printing frame  391 / 1350
printing frame  392 / 1350
printing frame  393 / 1350
printing frame  394 / 1350
printing frame  395 / 1350
printing frame  396 / 1350
printing frame  397 / 1350
printing frame  398 / 1350
printing frame  399 / 1350
printing frame  400 / 1350
printing frame  401 / 1350
printing frame  402 / 1350
printing frame  403 / 1350
printing frame  404 / 1350
printing frame  405 / 1350
printing frame  406 / 1350
printing frame  407 / 1350
printing frame  408 / 1350
printing frame  409 / 1350
printing frame  410 / 1350
printing frame  411 / 1350
printing frame  412 / 1350
printing frame  413 / 1350
printing frame  414 / 1350
printing frame  415 / 1350
printing frame  416 / 1350
printing frame  417 / 1350
printing frame  418 / 1350
printing frame  419 / 1350
printing frame  420 / 1350
printing frame  421 / 1350
printing frame  422 / 1350
printing frame  423 / 1350
printing frame  424 / 1350
printing frame  425 / 1350
printing frame  426 / 1350
printing frame  427 / 1350
printing frame  428 / 1350
printing frame  429 / 1350
printing frame  430 / 1350
printing frame  431 / 1350
printing frame  432 / 1350
printing frame  433 / 1350
printing frame  434 / 1350
printing frame  435 / 1350
printing frame  436 / 1350
printing frame  437 / 1350
printing frame  438 / 1350
printing frame  439 / 1350
printing frame  440 / 1350
printing frame  441 / 1350
printing frame  442 / 1350
printing frame  443 / 1350
printing frame  444 / 1350
printing frame  445 / 1350
printing frame  446 / 1350
printing frame  447 / 1350
printing frame  448 / 1350
printing frame  449 / 1350
printing frame  450 / 1350
printing frame  451 / 1350
printing frame  452 / 1350
printing frame  453 / 1350
printing frame  454 / 1350
printing frame  455 / 1350
printing frame  456 / 1350
printing frame  457 / 1350
printing frame  458 / 1350
printing frame  459 / 1350
printing frame  460 / 1350
printing frame  461 / 1350
printing frame  462 / 1350
printing frame  463 / 1350
printing frame  464 / 1350
printing frame  465 / 1350
printing frame  466 / 1350
printing frame  467 / 1350
printing frame  468 / 1350
printing frame  469 / 1350
printing frame  470 / 1350
printing frame  471 / 1350
printing frame  472 / 1350
printing frame  473 / 1350
printing frame  474 / 1350
printing frame  475 / 1350
printing frame  476 / 1350
printing frame  477 / 1350
printing frame  478 / 1350
printing frame  479 / 1350
printing frame  480 / 1350
printing frame  481 / 1350
printing frame  482 / 1350
printing frame  483 / 1350
printing frame  484 / 1350
printing frame  485 / 1350
printing frame  486 / 1350
printing frame  487 / 1350
printing frame  488 / 1350
printing frame  489 / 1350
printing frame  490 / 1350
printing frame  491 / 1350
printing frame  492 / 1350
printing frame  493 / 1350
printing frame  494 / 1350
printing frame  495 / 1350
printing frame  496 / 1350
printing frame  497 / 1350
printing frame  498 / 1350
printing frame  499 / 1350
printing frame  500 / 1350
printing frame  501 / 1350
printing frame  502 / 1350
printing frame  503 / 1350
printing frame  504 / 1350
printing frame  505 / 1350
printing frame  506 / 1350
printing frame  507 / 1350
printing frame  508 / 1350
printing frame  509 / 1350
printing frame  510 / 1350
printing frame  511 / 1350
printing frame  512 / 1350
printing frame  513 / 1350
printing frame  514 / 1350
printing frame  515 / 1350
printing frame  516 / 1350
printing frame  517 / 1350
printing frame  518 / 1350
printing frame  519 / 1350
printing frame  520 / 1350
printing frame  521 / 1350
printing frame  522 / 1350
printing frame  523 / 1350
printing frame  524 / 1350
printing frame  525 / 1350
printing frame  526 / 1350
printing frame  527 / 1350
printing frame  528 / 1350
printing frame  529 / 1350
printing frame  530 / 1350
printing frame  531 / 1350
printing frame  532 / 1350
printing frame  533 / 1350
printing frame  534 / 1350
printing frame  535 / 1350
printing frame  536 / 1350
printing frame  537 / 1350
printing frame  538 / 1350
printing frame  539 / 1350
printing frame  540 / 1350
printing frame  541 / 1350
printing frame  542 / 1350
printing frame  543 / 1350
printing frame  544 / 1350
printing frame  545 / 1350
printing frame  546 / 1350
printing frame  547 / 1350
printing frame  548 / 1350
printing frame  549 / 1350
printing frame  550 / 1350
printing frame  551 / 1350
printing frame  552 / 1350
printing frame  553 / 1350
printing frame  554 / 1350
printing frame  555 / 1350
printing frame  556 / 1350
printing frame  557 / 1350
printing frame  558 / 1350
printing frame  559 / 1350
printing frame  560 / 1350
printing frame  561 / 1350
printing frame  562 / 1350
printing frame  563 / 1350
printing frame  564 / 1350
printing frame  565 / 1350
printing frame  566 / 1350
printing frame  567 / 1350
printing frame  568 / 1350
printing frame  569 / 1350
printing frame  570 / 1350
printing frame  571 / 1350
printing frame  572 / 1350
printing frame  573 / 1350
printing frame  574 / 1350
printing frame  575 / 1350
printing frame  576 / 1350
printing frame  577 / 1350
printing frame  578 / 1350
printing frame  579 / 1350
printing frame  580 / 1350
printing frame  581 / 1350
printing frame  582 / 1350
printing frame  583 / 1350
printing frame  584 / 1350
printing frame  585 / 1350
printing frame  586 / 1350
printing frame  587 / 1350
printing frame  588 / 1350
printing frame  589 / 1350
printing frame  590 / 1350
printing frame  591 / 1350
printing frame  592 / 1350
printing frame  593 / 1350
printing frame  594 / 1350
printing frame  595 / 1350
printing frame  596 / 1350
printing frame  597 / 1350
printing frame  598 / 1350
printing frame  599 / 1350
printing frame  600 / 1350
printing frame  601 / 1350
printing frame  602 / 1350
printing frame  603 / 1350
printing frame  604 / 1350
printing frame  605 / 1350
printing frame  606 / 1350
printing frame  607 / 1350
printing frame  608 / 1350
printing frame  609 / 1350
printing frame  610 / 1350
printing frame  611 / 1350
printing frame  612 / 1350
printing frame  613 / 1350
printing frame  614 / 1350
printing frame  615 / 1350
printing frame  616 / 1350
printing frame  617 / 1350
printing frame  618 / 1350
printing frame  619 / 1350
printing frame  620 / 1350
printing frame  621 / 1350
printing frame  622 / 1350
printing frame  623 / 1350
printing frame  624 / 1350
printing frame  625 / 1350
printing frame  626 / 1350
printing frame  627 / 1350
printing frame  628 / 1350
printing frame  629 / 1350
printing frame  630 / 1350
printing frame  631 / 1350
printing frame  632 / 1350
printing frame  633 / 1350
printing frame  634 / 1350
printing frame  635 / 1350
printing frame  636 / 1350
printing frame  637 / 1350
printing frame  638 / 1350
printing frame  639 / 1350
printing frame  640 / 1350
printing frame  641 / 1350
printing frame  642 / 1350
printing frame  643 / 1350
printing frame  644 / 1350
printing frame  645 / 1350
printing frame  646 / 1350
printing frame  647 / 1350
printing frame  648 / 1350
printing frame  649 / 1350
printing frame  650 / 1350
printing frame  651 / 1350
printing frame  652 / 1350
printing frame  653 / 1350
printing frame  654 / 1350
printing frame  655 / 1350
printing frame  656 / 1350
printing frame  657 / 1350
printing frame  658 / 1350
printing frame  659 / 1350
printing frame  660 / 1350
printing frame  661 / 1350
printing frame  662 / 1350
printing frame  663 / 1350
printing frame  664 / 1350
printing frame  665 / 1350
printing frame  666 / 1350
printing frame  667 / 1350
printing frame  668 / 1350
printing frame  669 / 1350
printing frame  670 / 1350
printing frame  671 / 1350
printing frame  672 / 1350
printing frame  673 / 1350
printing frame  674 / 1350
printing frame  675 / 1350
printing frame  676 / 1350
printing frame  677 / 1350
printing frame  678 / 1350
printing frame  679 / 1350
printing frame  680 / 1350
printing frame  681 / 1350
printing frame  682 / 1350
printing frame  683 / 1350
printing frame  684 / 1350
printing frame  685 / 1350
printing frame  686 / 1350
printing frame  687 / 1350
printing frame  688 / 1350
printing frame  689 / 1350
printing frame  690 / 1350
printing frame  691 / 1350
printing frame  692 / 1350
printing frame  693 / 1350
printing frame  694 / 1350
printing frame  695 / 1350
printing frame  696 / 1350
printing frame  697 / 1350
printing frame  698 / 1350
printing frame  699 / 1350
printing frame  700 / 1350
printing frame  701 / 1350
printing frame  702 / 1350
printing frame  703 / 1350
printing frame  704 / 1350
printing frame  705 / 1350
printing frame  706 / 1350
printing frame  707 / 1350
printing frame  708 / 1350
printing frame  709 / 1350
printing frame  710 / 1350
printing frame  711 / 1350
printing frame  712 / 1350
printing frame  713 / 1350
printing frame  714 / 1350
printing frame  715 / 1350
printing frame  716 / 1350
printing frame  717 / 1350
printing frame  718 / 1350
printing frame  719 / 1350
printing frame  720 / 1350
printing frame  721 / 1350
printing frame  722 / 1350
printing frame  723 / 1350
printing frame  724 / 1350
printing frame  725 / 1350
printing frame  726 / 1350
printing frame  727 / 1350
printing frame  728 / 1350
printing frame  729 / 1350
printing frame  730 / 1350
printing frame  731 / 1350
printing frame  732 / 1350
printing frame  733 / 1350
printing frame  734 / 1350
printing frame  735 / 1350
printing frame  736 / 1350
printing frame  737 / 1350
printing frame  738 / 1350
printing frame  739 / 1350
printing frame  740 / 1350
printing frame  741 / 1350
printing frame  742 / 1350
printing frame  743 / 1350
printing frame  744 / 1350
printing frame  745 / 1350
printing frame  746 / 1350
printing frame  747 / 1350
printing frame  748 / 1350
printing frame  749 / 1350
printing frame  750 / 1350
printing frame  751 / 1350
printing frame  752 / 1350
printing frame  753 / 1350
printing frame  754 / 1350
printing frame  755 / 1350
printing frame  756 / 1350
printing frame  757 / 1350
printing frame  758 / 1350
printing frame  759 / 1350
printing frame  760 / 1350
printing frame  761 / 1350
printing frame  762 / 1350
printing frame  763 / 1350
printing frame  764 / 1350
printing frame  765 / 1350
printing frame  766 / 1350
printing frame  767 / 1350
printing frame  768 / 1350
printing frame  769 / 1350
printing frame  770 / 1350
printing frame  771 / 1350
printing frame  772 / 1350
printing frame  773 / 1350
printing frame  774 / 1350
printing frame  775 / 1350
printing frame  776 / 1350
printing frame  777 / 1350
printing frame  778 / 1350
printing frame  779 / 1350
printing frame  780 / 1350
printing frame  781 / 1350
printing frame  782 / 1350
printing frame  783 / 1350
printing frame  784 / 1350
printing frame  785 / 1350
printing frame  786 / 1350
printing frame  787 / 1350
printing frame  788 / 1350
printing frame  789 / 1350
printing frame  790 / 1350
printing frame  791 / 1350
printing frame  792 / 1350
printing frame  793 / 1350
printing frame  794 / 1350
printing frame  795 / 1350
printing frame  796 / 1350
printing frame  797 / 1350
printing frame  798 / 1350
printing frame  799 / 1350
printing frame  800 / 1350
printing frame  801 / 1350
printing frame  802 / 1350
printing frame  803 / 1350
printing frame  804 / 1350
printing frame  805 / 1350
printing frame  806 / 1350
printing frame  807 / 1350
printing frame  808 / 1350
printing frame  809 / 1350
printing frame  810 / 1350
printing frame  811 / 1350
printing frame  812 / 1350
printing frame  813 / 1350
printing frame  814 / 1350
printing frame  815 / 1350
printing frame  816 / 1350
printing frame  817 / 1350
printing frame  818 / 1350
printing frame  819 / 1350
printing frame  820 / 1350
printing frame  821 / 1350
printing frame  822 / 1350
printing frame  823 / 1350
printing frame  824 / 1350
printing frame  825 / 1350
printing frame  826 / 1350
printing frame  827 / 1350
printing frame  828 / 1350
printing frame  829 / 1350
printing frame  830 / 1350
printing frame  831 / 1350
printing frame  832 / 1350
printing frame  833 / 1350
printing frame  834 / 1350
printing frame  835 / 1350
printing frame  836 / 1350
printing frame  837 / 1350
printing frame  838 / 1350
printing frame  839 / 1350
printing frame  840 / 1350
printing frame  841 / 1350
printing frame  842 / 1350
printing frame  843 / 1350
printing frame  844 / 1350
printing frame  845 / 1350
printing frame  846 / 1350
printing frame  847 / 1350
printing frame  848 / 1350
printing frame  849 / 1350
printing frame  850 / 1350
printing frame  851 / 1350
printing frame  852 / 1350
printing frame  853 / 1350
printing frame  854 / 1350
printing frame  855 / 1350
printing frame  856 / 1350
printing frame  857 / 1350
printing frame  858 / 1350
printing frame  859 / 1350
printing frame  860 / 1350
printing frame  861 / 1350
printing frame  862 / 1350
printing frame  863 / 1350
printing frame  864 / 1350
printing frame  865 / 1350
printing frame  866 / 1350
printing frame  867 / 1350
printing frame  868 / 1350
printing frame  869 / 1350
printing frame  870 / 1350
printing frame  871 / 1350
printing frame  872 / 1350
printing frame  873 / 1350
printing frame  874 / 1350
printing frame  875 / 1350
printing frame  876 / 1350
printing frame  877 / 1350
printing frame  878 / 1350
printing frame  879 / 1350
printing frame  880 / 1350
printing frame  881 / 1350
printing frame  882 / 1350
printing frame  883 / 1350
printing frame  884 / 1350
printing frame  885 / 1350
printing frame  886 / 1350
printing frame  887 / 1350
printing frame  888 / 1350
printing frame  889 / 1350
printing frame  890 / 1350
printing frame  891 / 1350
printing frame  892 / 1350
printing frame  893 / 1350
printing frame  894 / 1350
printing frame  895 / 1350
printing frame  896 / 1350
printing frame  897 / 1350
printing frame  898 / 1350
printing frame  899 / 1350
printing frame  900 / 1350
printing frame  901 / 1350
printing frame  902 / 1350
printing frame  903 / 1350
printing frame  904 / 1350
printing frame  905 / 1350
printing frame  906 / 1350
printing frame  907 / 1350
printing frame  908 / 1350
printing frame  909 / 1350
printing frame  910 / 1350
printing frame  911 / 1350
printing frame  912 / 1350
printing frame  913 / 1350
printing frame  914 / 1350
printing frame  915 / 1350
printing frame  916 / 1350
printing frame  917 / 1350
printing frame  918 / 1350
printing frame  919 / 1350
printing frame  920 / 1350
printing frame  921 / 1350
printing frame  922 / 1350
printing frame  923 / 1350
printing frame  924 / 1350
printing frame  925 / 1350
printing frame  926 / 1350
printing frame  927 / 1350
printing frame  928 / 1350
printing frame  929 / 1350
printing frame  930 / 1350
printing frame  931 / 1350
printing frame  932 / 1350
printing frame  933 / 1350
printing frame  934 / 1350
printing frame  935 / 1350
printing frame  936 / 1350
printing frame  937 / 1350
printing frame  938 / 1350
printing frame  939 / 1350
printing frame  940 / 1350
printing frame  941 / 1350
printing frame  942 / 1350
printing frame  943 / 1350
printing frame  944 / 1350
printing frame  945 / 1350
printing frame  946 / 1350
printing frame  947 / 1350
printing frame  948 / 1350
printing frame  949 / 1350
printing frame  950 / 1350
printing frame  951 / 1350
printing frame  952 / 1350
printing frame  953 / 1350
printing frame  954 / 1350
printing frame  955 / 1350
printing frame  956 / 1350
printing frame  957 / 1350
printing frame  958 / 1350
printing frame  959 / 1350
printing frame  960 / 1350
printing frame  961 / 1350
printing frame  962 / 1350
printing frame  963 / 1350
printing frame  964 / 1350
printing frame  965 / 1350
printing frame  966 / 1350
printing frame  967 / 1350
printing frame  968 / 1350
printing frame  969 / 1350
printing frame  970 / 1350
printing frame  971 / 1350
printing frame  972 / 1350
printing frame  973 / 1350
printing frame  974 / 1350
printing frame  975 / 1350
printing frame  976 / 1350
printing frame  977 / 1350
printing frame  978 / 1350
printing frame  979 / 1350
printing frame  980 / 1350
printing frame  981 / 1350
printing frame  982 / 1350
printing frame  983 / 1350
printing frame  984 / 1350
printing frame  985 / 1350
printing frame  986 / 1350
printing frame  987 / 1350
printing frame  988 / 1350
printing frame  989 / 1350
printing frame  990 / 1350
printing frame  991 / 1350
printing frame  992 / 1350
printing frame  993 / 1350
printing frame  994 / 1350
printing frame  995 / 1350
printing frame  996 / 1350
printing frame  997 / 1350
printing frame  998 / 1350
printing frame  999 / 1350
printing frame  1000 / 1350
printing frame  1001 / 1350
printing frame  1002 / 1350
printing frame  1003 / 1350
printing frame  1004 / 1350
printing frame  1005 / 1350
printing frame  1006 / 1350
printing frame  1007 / 1350
printing frame  1008 / 1350
printing frame  1009 / 1350
printing frame  1010 / 1350
printing frame  1011 / 1350
printing frame  1012 / 1350
printing frame  1013 / 1350
printing frame  1014 / 1350
printing frame  1015 / 1350
printing frame  1016 / 1350
printing frame  1017 / 1350
printing frame  1018 / 1350
printing frame  1019 / 1350
printing frame  1020 / 1350
printing frame  1021 / 1350
printing frame  1022 / 1350
printing frame  1023 / 1350
printing frame  1024 / 1350
printing frame  1025 / 1350
printing frame  1026 / 1350
printing frame  1027 / 1350
printing frame  1028 / 1350
printing frame  1029 / 1350
printing frame  1030 / 1350
printing frame  1031 / 1350
printing frame  1032 / 1350
printing frame  1033 / 1350
printing frame  1034 / 1350
printing frame  1035 / 1350
printing frame  1036 / 1350
printing frame  1037 / 1350
printing frame  1038 / 1350
printing frame  1039 / 1350
printing frame  1040 / 1350
printing frame  1041 / 1350
printing frame  1042 / 1350
printing frame  1043 / 1350
printing frame  1044 / 1350
printing frame  1045 / 1350
printing frame  1046 / 1350
printing frame  1047 / 1350
printing frame  1048 / 1350
printing frame  1049 / 1350
printing frame  1050 / 1350
printing frame  1051 / 1350
printing frame  1052 / 1350
printing frame  1053 / 1350
printing frame  1054 / 1350
printing frame  1055 / 1350
printing frame  1056 / 1350
printing frame  1057 / 1350
printing frame  1058 / 1350
printing frame  1059 / 1350
printing frame  1060 / 1350
printing frame  1061 / 1350
printing frame  1062 / 1350
printing frame  1063 / 1350
printing frame  1064 / 1350
printing frame  1065 / 1350
printing frame  1066 / 1350
printing frame  1067 / 1350
printing frame  1068 / 1350
printing frame  1069 / 1350
printing frame  1070 / 1350
printing frame  1071 / 1350
printing frame  1072 / 1350
printing frame  1073 / 1350
printing frame  1074 / 1350
printing frame  1075 / 1350
printing frame  1076 / 1350
printing frame  1077 / 1350
printing frame  1078 / 1350
printing frame  1079 / 1350
printing frame  1080 / 1350
printing frame  1081 / 1350
printing frame  1082 / 1350
printing frame  1083 / 1350
printing frame  1084 / 1350
printing frame  1085 / 1350
printing frame  1086 / 1350
printing frame  1087 / 1350
printing frame  1088 / 1350
printing frame  1089 / 1350
printing frame  1090 / 1350
printing frame  1091 / 1350
printing frame  1092 / 1350
printing frame  1093 / 1350
printing frame  1094 / 1350
printing frame  1095 / 1350
printing frame  1096 / 1350
printing frame  1097 / 1350
printing frame  1098 / 1350
printing frame  1099 / 1350
printing frame  1100 / 1350
printing frame  1101 / 1350
printing frame  1102 / 1350
printing frame  1103 / 1350
printing frame  1104 / 1350
printing frame  1105 / 1350
printing frame  1106 / 1350
printing frame  1107 / 1350
printing frame  1108 / 1350
printing frame  1109 / 1350
printing frame  1110 / 1350
printing frame  1111 / 1350
printing frame  1112 / 1350
printing frame  1113 / 1350
printing frame  1114 / 1350
printing frame  1115 / 1350
printing frame  1116 / 1350
printing frame  1117 / 1350
printing frame  1118 / 1350
printing frame  1119 / 1350
printing frame  1120 / 1350
printing frame  1121 / 1350
printing frame  1122 / 1350
printing frame  1123 / 1350
printing frame  1124 / 1350
printing frame  1125 / 1350
printing frame  1126 / 1350
printing frame  1127 / 1350
printing frame  1128 / 1350
printing frame  1129 / 1350
printing frame  1130 / 1350
printing frame  1131 / 1350
printing frame  1132 / 1350
printing frame  1133 / 1350
printing frame  1134 / 1350
printing frame  1135 / 1350
printing frame  1136 / 1350
printing frame  1137 / 1350
printing frame  1138 / 1350
printing frame  1139 / 1350
printing frame  1140 / 1350
printing frame  1141 / 1350
printing frame  1142 / 1350
printing frame  1143 / 1350
printing frame  1144 / 1350
printing frame  1145 / 1350
printing frame  1146 / 1350
printing frame  1147 / 1350
printing frame  1148 / 1350
printing frame  1149 / 1350
printing frame  1150 / 1350
printing frame  1151 / 1350
printing frame  1152 / 1350
printing frame  1153 / 1350
printing frame  1154 / 1350
printing frame  1155 / 1350
printing frame  1156 / 1350
printing frame  1157 / 1350
printing frame  1158 / 1350
printing frame  1159 / 1350
printing frame  1160 / 1350
printing frame  1161 / 1350
printing frame  1162 / 1350
printing frame  1163 / 1350
printing frame  1164 / 1350
printing frame  1165 / 1350
printing frame  1166 / 1350
printing frame  1167 / 1350
printing frame  1168 / 1350
printing frame  1169 / 1350
printing frame  1170 / 1350
printing frame  1171 / 1350
printing frame  1172 / 1350
printing frame  1173 / 1350
printing frame  1174 / 1350
printing frame  1175 / 1350
printing frame  1176 / 1350
printing frame  1177 / 1350
printing frame  1178 / 1350
printing frame  1179 / 1350
printing frame  1180 / 1350
printing frame  1181 / 1350
printing frame  1182 / 1350
printing frame  1183 / 1350
printing frame  1184 / 1350
printing frame  1185 / 1350
printing frame  1186 / 1350
printing frame  1187 / 1350
printing frame  1188 / 1350
printing frame  1189 / 1350
printing frame  1190 / 1350
printing frame  1191 / 1350
printing frame  1192 / 1350
printing frame  1193 / 1350
printing frame  1194 / 1350
printing frame  1195 / 1350
printing frame  1196 / 1350
printing frame  1197 / 1350
printing frame  1198 / 1350
printing frame  1199 / 1350
printing frame  1200 / 1350
printing frame  1201 / 1350
printing frame  1202 / 1350
printing frame  1203 / 1350
printing frame  1204 / 1350
printing frame  1205 / 1350
printing frame  1206 / 1350
printing frame  1207 / 1350
printing frame  1208 / 1350
printing frame  1209 / 1350
printing frame  1210 / 1350
printing frame  1211 / 1350
printing frame  1212 / 1350
printing frame  1213 / 1350
printing frame  1214 / 1350
printing frame  1215 / 1350
printing frame  1216 / 1350
printing frame  1217 / 1350
printing frame  1218 / 1350
printing frame  1219 / 1350
printing frame  1220 / 1350
printing frame  1221 / 1350
printing frame  1222 / 1350
printing frame  1223 / 1350
printing frame  1224 / 1350
printing frame  1225 / 1350
printing frame  1226 / 1350
printing frame  1227 / 1350
printing frame  1228 / 1350
printing frame  1229 / 1350
printing frame  1230 / 1350
printing frame  1231 / 1350
printing frame  1232 / 1350
printing frame  1233 / 1350
printing frame  1234 / 1350
printing frame  1235 / 1350
printing frame  1236 / 1350
printing frame  1237 / 1350
printing frame  1238 / 1350
printing frame  1239 / 1350
printing frame  1240 / 1350
printing frame  1241 / 1350
printing frame  1242 / 1350
printing frame  1243 / 1350
printing frame  1244 / 1350
printing frame  1245 / 1350
printing frame  1246 / 1350
printing frame  1247 / 1350
printing frame  1248 / 1350
printing frame  1249 / 1350
printing frame  1250 / 1350
printing frame  1251 / 1350
printing frame  1252 / 1350
printing frame  1253 / 1350
printing frame  1254 / 1350
printing frame  1255 / 1350
printing frame  1256 / 1350
printing frame  1257 / 1350
printing frame  1258 / 1350
printing frame  1259 / 1350
printing frame  1260 / 1350
printing frame  1261 / 1350
printing frame  1262 / 1350
printing frame  1263 / 1350
printing frame  1264 / 1350
printing frame  1265 / 1350
printing frame  1266 / 1350
printing frame  1267 / 1350
printing frame  1268 / 1350
printing frame  1269 / 1350
printing frame  1270 / 1350
printing frame  1271 / 1350
printing frame  1272 / 1350
printing frame  1273 / 1350
printing frame  1274 / 1350
printing frame  1275 / 1350
printing frame  1276 / 1350
printing frame  1277 / 1350
printing frame  1278 / 1350
printing frame  1279 / 1350
printing frame  1280 / 1350
printing frame  1281 / 1350
printing frame  1282 / 1350
printing frame  1283 / 1350
printing frame  1284 / 1350
printing frame  1285 / 1350
printing frame  1286 / 1350
printing frame  1287 / 1350
printing frame  1288 / 1350
printing frame  1289 / 1350
printing frame  1290 / 1350
printing frame  1291 / 1350
printing frame  1292 / 1350
printing frame  1293 / 1350
printing frame  1294 / 1350
printing frame  1295 / 1350
printing frame  1296 / 1350
printing frame  1297 / 1350
printing frame  1298 / 1350
printing frame  1299 / 1350
printing frame  1300 / 1350
printing frame  1301 / 1350
printing frame  1302 / 1350
printing frame  1303 / 1350
printing frame  1304 / 1350
printing frame  1305 / 1350
printing frame  1306 / 1350
printing frame  1307 / 1350
printing frame  1308 / 1350
printing frame  1309 / 1350
printing frame  1310 / 1350
printing frame  1311 / 1350
printing frame  1312 / 1350
printing frame  1313 / 1350
printing frame  1314 / 1350
printing frame  1315 / 1350
printing frame  1316 / 1350
printing frame  1317 / 1350
printing frame  1318 / 1350
printing frame  1319 / 1350
printing frame  1320 / 1350
printing frame  1321 / 1350
printing frame  1322 / 1350
printing frame  1323 / 1350
printing frame  1324 / 1350
printing frame  1325 / 1350
printing frame  1326 / 1350
printing frame  1327 / 1350
printing frame  1328 / 1350
printing frame  1329 / 1350
printing frame  1330 / 1350
printing frame  1331 / 1350
printing frame  1332 / 1350
printing frame  1333 / 1350
printing frame  1334 / 1350
printing frame  1335 / 1350
printing frame  1336 / 1350
printing frame  1337 / 1350
printing frame  1338 / 1350
printing frame  1339 / 1350
printing frame  1340 / 1350
printing frame  1341 / 1350
printing frame  1342 / 1350
printing frame  1343 / 1350
printing frame  1344 / 1350
printing frame  1345 / 1350
printing frame  1346 / 1350
printing frame  1347 / 1350
printing frame  1348 / 1350
printing frame  1349 / 1350
printing frame  1350 / 1350
Traceback (most recent call last):
  File "basic_neural_analysis_allsessions_basicEvents_PCA_makeBhvNeuronVideos.py", line 992, in <module>
    plt.plot(FR_timepoint_allch,FR_zscore_allch['13'])
KeyError: '13'
