The following modules were not unloaded:
  (Use "module --force purge" to unload all):

  1) StdEnv
/gpfs/radev/home/ws523/marmoset_tracking_DLCv2/following_up_analysis/3d_recontruction_analysis_self_and_coop_task_neural_analysis/ana_functions/body_part_locs_singlecam.py:123: RuntimeWarning: Mean of empty slice
  mass_loc_a2 = np.nanmean(np.vstack((lefteye_loc_a2,righteye_loc_a2,lefteye_loc_a2,righteye_loc_a2,whiblz_loc_a2,mouth_loc_a2)),axis=0)
/gpfs/radev/home/ws523/marmoset_tracking_DLCv2/following_up_analysis/3d_recontruction_analysis_self_and_coop_task_neural_analysis/ana_functions/body_part_locs_singlecam.py:111: RuntimeWarning: Mean of empty slice
  mass_loc_a1 = np.nanmean(np.vstack((lefteye_loc_a1,righteye_loc_a1,lefteye_loc_a1,righteye_loc_a1,whiblz_loc_a1,mouth_loc_a1)),axis=0)
(48,)
(48,)
(48,)
(48,)
(48,)
(48,)
(48,)
(48,)
(48,)
(48,)
(48,)
(48,)
analyze all dates
load social gaze with camera-2 only of 20240508
plot self pull triggered bhv variables
load social gaze with camera-2 only of 20240509
plot self pull triggered bhv variables
load social gaze with camera-2 only of 20240513
plot self pull triggered bhv variables
load social gaze with camera-2 only of 20240514
plot self pull triggered bhv variables
load social gaze with camera-2 only of 20240523
plot self pull triggered bhv variables
load social gaze with camera-2 only of 20240524
plot self pull triggered bhv variables
load social gaze with camera-2 only of 20240606
plot self pull triggered bhv variables
load social gaze with camera-2 only of 20240613
plot self pull triggered bhv variables
load social gaze with camera-2 only of 20240614
plot self pull triggered bhv variables
load social gaze with camera-2 only of 20240617
plot self pull triggered bhv variables
load social gaze with camera-2 only of 20240618
plot self pull triggered bhv variables
load social gaze with camera-2 only of 20240619
plot self pull triggered bhv variables
load social gaze with camera-2 only of 20240620
plot self pull triggered bhv variables
load social gaze with camera-2 only of 20240621_1
plot self pull triggered bhv variables
load social gaze with camera-2 only of 20240624
plot self pull triggered bhv variables
load social gaze with camera-2 only of 20240626
plot self pull triggered bhv variables
load social gaze with camera-2 only of 20240808
plot self pull triggered bhv variables
load social gaze with camera-2 only of 20240809
plot self pull triggered bhv variables
load social gaze with camera-2 only of 20240812
plot self pull triggered bhv variables
load social gaze with camera-2 only of 20240813
plot self pull triggered bhv variables
load social gaze with camera-2 only of 20240814
plot self pull triggered bhv variables
load social gaze with camera-2 only of 20240815
plot self pull triggered bhv variables
load social gaze with camera-2 only of 20240819
plot self pull triggered bhv variables
load social gaze with camera-2 only of 20240821
plot self pull triggered bhv variables
load social gaze with camera-2 only of 20240822
plot self pull triggered bhv variables
load social gaze with camera-2 only of 20250415
plot self pull triggered bhv variables
load social gaze with camera-2 only of 20250416
plot self pull triggered bhv variables
load social gaze with camera-2 only of 20250417
plot self pull triggered bhv variables
load social gaze with camera-2 only of 20250418
plot self pull triggered bhv variables
load social gaze with camera-2 only of 20250421
plot self pull triggered bhv variables
load social gaze with camera-2 only of 20250422
plot self pull triggered bhv variables
load social gaze with camera-2 only of 20250422_SR
plot self pull triggered bhv variables
load social gaze with camera-2 only of 20250423
plot self pull triggered bhv variables
load social gaze with camera-2 only of 20250423_SR
plot self pull triggered bhv variables
load social gaze with camera-2 only of 20250424
plot self pull triggered bhv variables
load social gaze with camera-2 only of 20250424_MC
plot self pull triggered bhv variables
load social gaze with camera-2 only of 20250424_SR
plot self pull triggered bhv variables
load social gaze with camera-2 only of 20250425
plot self pull triggered bhv variables
load social gaze with camera-2 only of 20250425_SR
plot self pull triggered bhv variables
load social gaze with camera-2 only of 20250428_NV
plot self pull triggered bhv variables
load social gaze with camera-2 only of 20250428_MC
plot self pull triggered bhv variables
load social gaze with camera-2 only of 20250428_SR
plot self pull triggered bhv variables
load social gaze with camera-2 only of 20250429_NV
plot self pull triggered bhv variables
load social gaze with camera-2 only of 20250429_MC
plot self pull triggered bhv variables
load social gaze with camera-2 only of 20250429_SR
plot self pull triggered bhv variables
load social gaze with camera-2 only of 20250430_NV
plot self pull triggered bhv variables
load social gaze with camera-2 only of 20250430_MC
plot self pull triggered bhv variables
load social gaze with camera-2 only of 20250430_SR
plot self pull triggered bhv variables
Traceback (most recent call last):
  File "basic_neural_analysis_allsessions_basicEvents_PCA_makeBhvNeuronVideos_Pullfocused_continuousBhv_partnerDistVaris_2.py", line 2016, in <module>
    eee
NameError: name 'eee' is not defined
