The following modules were not unloaded:
  (Use "module --force purge" to unload all):

  1) StdEnv

CondaError: Run 'conda init' before 'conda deactivate'

No protocol specified
/gpfs/radev/home/ws523/marmoset_tracking_DLCv2/following_up_analysis/3d_recontruction_analysis_self_and_coop_task_neural_analysis/ana_functions/body_part_locs_singlecam.py:123: RuntimeWarning: Mean of empty slice
  mass_loc_a2 = np.nanmean(np.vstack((lefteye_loc_a2,righteye_loc_a2,lefteye_loc_a2,righteye_loc_a2,whiblz_loc_a2,mouth_loc_a2)),axis=0)
/gpfs/radev/home/ws523/marmoset_tracking_DLCv2/following_up_analysis/3d_recontruction_analysis_self_and_coop_task_neural_analysis/ana_functions/body_part_locs_singlecam.py:111: RuntimeWarning: Mean of empty slice
  mass_loc_a1 = np.nanmean(np.vstack((lefteye_loc_a1,righteye_loc_a1,lefteye_loc_a1,righteye_loc_a1,whiblz_loc_a1,mouth_loc_a1)),axis=0)
analyze all dates
load social gaze with camera-2 only of 20240508
load spike data for 20240508_Kanga_SR
plot event aligned firing rate
plot strategy aligned firing rate
plot spike triggered bhv variables
load social gaze with camera-2 only of 20240509
load spike data for 20240509_Kanga_MC
plot event aligned firing rate
plot strategy aligned firing rate
plot spike triggered bhv variables
load social gaze with camera-2 only of 20240513
load spike data for 20240513_Kanga_MC
plot event aligned firing rate
plot strategy aligned firing rate
plot spike triggered bhv variables
load social gaze with camera-2 only of 20240514
load spike data for 20240514_Kanga_SR
plot event aligned firing rate
plot strategy aligned firing rate
plot spike triggered bhv variables
load social gaze with camera-2 only of 20240523
load spike data for 20240523_Kanga_MC
plot event aligned firing rate
plot strategy aligned firing rate
plot spike triggered bhv variables
load social gaze with camera-2 only of 20240524
load spike data for 20240524_Kanga_SR
plot event aligned firing rate
plot strategy aligned firing rate
plot spike triggered bhv variables
load social gaze with camera-2 only of 20240606
load spike data for 20240606_Kanga_MC
plot event aligned firing rate
plot strategy aligned firing rate
plot spike triggered bhv variables
load social gaze with camera-2 only of 20240613
load spike data for 20240613_Kanga_MC_DannonAuto
plot event aligned firing rate
plot strategy aligned firing rate
plot spike triggered bhv variables
load social gaze with camera-2 only of 20240614
load spike data for 20240614_Kanga_MC_DannonAuto
plot event aligned firing rate
plot strategy aligned firing rate
plot spike triggered bhv variables
load social gaze with camera-2 only of 20240617
load spike data for 20240617_Kanga_MC_DannonAuto
plot event aligned firing rate
plot strategy aligned firing rate
plot spike triggered bhv variables
load social gaze with camera-2 only of 20240618
load spike data for 20240618_Kanga_MC_KangaAuto
plot event aligned firing rate
plot strategy aligned firing rate
plot spike triggered bhv variables
load social gaze with camera-2 only of 20240619
load spike data for 20240619_Kanga_MC_KangaAuto
plot event aligned firing rate
plot strategy aligned firing rate
plot spike triggered bhv variables
load social gaze with camera-2 only of 20240620
load spike data for 20240620_Kanga_MC_KangaAuto
plot event aligned firing rate
plot strategy aligned firing rate
plot spike triggered bhv variables
load social gaze with camera-2 only of 20240621_1
load spike data for 20240621_1_Kanga_NoVis
plot event aligned firing rate
plot strategy aligned firing rate
plot spike triggered bhv variables
load social gaze with camera-2 only of 20240624
load spike data for 20240624_Kanga_NoVis
plot event aligned firing rate
plot strategy aligned firing rate
plot spike triggered bhv variables
load social gaze with camera-2 only of 20240626
load spike data for 20240626_Kanga_NoVis
plot event aligned firing rate
plot strategy aligned firing rate
plot spike triggered bhv variables
load social gaze with camera-2 only of 20240808
load spike data for 20240808_Kanga_MC_withGinger
plot event aligned firing rate
plot strategy aligned firing rate
plot spike triggered bhv variables
load social gaze with camera-2 only of 20240809
load spike data for 20240809_Kanga_MC_withGinger
plot event aligned firing rate
plot strategy aligned firing rate
plot spike triggered bhv variables
load social gaze with camera-2 only of 20240812
load spike data for 20240812_Kanga_MC_withGinger
plot event aligned firing rate
plot strategy aligned firing rate
plot spike triggered bhv variables
load social gaze with camera-2 only of 20240813
load spike data for 20240813_Kanga_MC_withKoala
plot event aligned firing rate
plot strategy aligned firing rate
plot spike triggered bhv variables
load social gaze with camera-2 only of 20240814
load spike data for 20240814_Kanga_MC_withKoala
plot event aligned firing rate
plot strategy aligned firing rate
plot spike triggered bhv variables
load social gaze with camera-2 only of 20240815
load spike data for 20240815_Kanga_MC_withKoala
plot event aligned firing rate
plot strategy aligned firing rate
plot spike triggered bhv variables
load social gaze with camera-2 only of 20240819
load spike data for 20240819_Kanga_MC_withVermelho
plot event aligned firing rate
plot strategy aligned firing rate
plot spike triggered bhv variables
load social gaze with camera-2 only of 20240821
load spike data for 20240821_Kanga_MC_withVermelho
plot event aligned firing rate
plot strategy aligned firing rate
plot spike triggered bhv variables
load social gaze with camera-2 only of 20240822
load spike data for 20240822_Kanga_MC_withVermelho
plot event aligned firing rate
plot strategy aligned firing rate
plot spike triggered bhv variables
load social gaze with camera-2 only of 20250415
load spike data for 20250415_Kanga_MC_withDodson
plot event aligned firing rate
plot strategy aligned firing rate
plot spike triggered bhv variables
load social gaze with camera-2 only of 20250416
load spike data for 20250416_Kanga_SR_withDodson
plot event aligned firing rate
plot strategy aligned firing rate
plot spike triggered bhv variables
load social gaze with camera-2 only of 20250417
load spike data for 20250417_Kanga_MC_withDodson
plot event aligned firing rate
plot strategy aligned firing rate
plot spike triggered bhv variables
load social gaze with camera-2 only of 20250418
load spike data for 20250418_Kanga_SR_withDodson
plot event aligned firing rate
plot strategy aligned firing rate
plot spike triggered bhv variables
load social gaze with camera-2 only of 20250421
analyze social gaze with camera-2 only of 20250421
load spike data for 20250421_Kanga_SR_withDodson
plot event aligned firing rate
plot strategy aligned firing rate
plot spike triggered bhv variables
20240617 mismatched number
20240617 mismatched number
20240617 mismatched number
20240617 mismatched number
20240617 mismatched number
20240617 mismatched number
20240617 mismatched number
20240617 mismatched number
20240617 mismatched number
20240617 mismatched number
20240617 mismatched number
20240617 mismatched number
20240617 mismatched number
20240617 mismatched number
20240617 mismatched number
20240617 mismatched number
20240617 mismatched number
20240617 mismatched number
20240617 mismatched number
20240617 mismatched number
20240508 mismatched number
20240508 mismatched number
20240508 mismatched number
20240508 mismatched number
20240508 mismatched number
20240508 mismatched number
20240508 mismatched number
20240508 mismatched number
20240508 mismatched number
20240508 mismatched number
20240508 mismatched number
20240508 mismatched number
20240508 mismatched number
20240508 mismatched number
20240508 mismatched number
20240508 mismatched number
20240508 mismatched number
20240508 mismatched number
20240508 mismatched number
20240508 mismatched number
correlation between:corr_PClength_vs_gaze_accumulation succrate
condition
MC                 0.544929
MC_DannonAuto     -0.645002
MC_KangaAuto       0.044164
MC_withDodson      1.000000
MC_withGinger      0.788088
MC_withKoala      -0.346708
MC_withVermelho    0.018837
NV                -0.971808
SR                 0.479025
SR_withDodson           NaN
dtype: float64
20240509 pull aligned FR # = 79; pull aligned gaze # = 79
20240509 pull aligned FR # = 79; pull aligned gaze # = 79
20240509 pull aligned FR # = 79; pull aligned gaze # = 79
20240509 pull aligned FR # = 79; pull aligned gaze # = 79
20240509 pull aligned FR # = 79; pull aligned gaze # = 79
20240509 pull aligned FR # = 79; pull aligned gaze # = 79
20240509 pull aligned FR # = 79; pull aligned gaze # = 79
20240509 pull aligned FR # = 79; pull aligned gaze # = 79
20240509 pull aligned FR # = 79; pull aligned gaze # = 79
20240509 pull aligned FR # = 79; pull aligned gaze # = 79
20240509 pull aligned FR # = 79; pull aligned gaze # = 79
20240509 pull aligned FR # = 79; pull aligned gaze # = 79
20240509 pull aligned FR # = 79; pull aligned gaze # = 79
20240509 pull aligned FR # = 79; pull aligned gaze # = 79
20240513 pull aligned FR # = 69; pull aligned gaze # = 69
20240513 pull aligned FR # = 69; pull aligned gaze # = 69
20240513 pull aligned FR # = 69; pull aligned gaze # = 69
20240513 pull aligned FR # = 69; pull aligned gaze # = 69
20240513 pull aligned FR # = 69; pull aligned gaze # = 69
20240513 pull aligned FR # = 69; pull aligned gaze # = 69
20240513 pull aligned FR # = 69; pull aligned gaze # = 69
20240513 pull aligned FR # = 69; pull aligned gaze # = 69
20240513 pull aligned FR # = 69; pull aligned gaze # = 69
20240513 pull aligned FR # = 69; pull aligned gaze # = 69
20240513 pull aligned FR # = 69; pull aligned gaze # = 69
20240513 pull aligned FR # = 69; pull aligned gaze # = 69
20240513 pull aligned FR # = 69; pull aligned gaze # = 69
20240513 pull aligned FR # = 69; pull aligned gaze # = 69
20240513 pull aligned FR # = 69; pull aligned gaze # = 69
20240513 pull aligned FR # = 69; pull aligned gaze # = 69
20240513 pull aligned FR # = 69; pull aligned gaze # = 69
20240523 pull aligned FR # = 68; pull aligned gaze # = 68
20240523 pull aligned FR # = 68; pull aligned gaze # = 68
20240523 pull aligned FR # = 68; pull aligned gaze # = 68
20240523 pull aligned FR # = 68; pull aligned gaze # = 68
20240523 pull aligned FR # = 68; pull aligned gaze # = 68
20240523 pull aligned FR # = 68; pull aligned gaze # = 68
20240523 pull aligned FR # = 68; pull aligned gaze # = 68
20240523 pull aligned FR # = 68; pull aligned gaze # = 68
20240523 pull aligned FR # = 68; pull aligned gaze # = 68
20240523 pull aligned FR # = 68; pull aligned gaze # = 68
20240523 pull aligned FR # = 68; pull aligned gaze # = 68
20240523 pull aligned FR # = 68; pull aligned gaze # = 68
20240523 pull aligned FR # = 68; pull aligned gaze # = 68
20240523 pull aligned FR # = 68; pull aligned gaze # = 68
20240606 pull aligned FR # = 104; pull aligned gaze # = 104
20240606 pull aligned FR # = 104; pull aligned gaze # = 104
20240606 pull aligned FR # = 104; pull aligned gaze # = 104
20240606 pull aligned FR # = 104; pull aligned gaze # = 104
20240606 pull aligned FR # = 104; pull aligned gaze # = 104
20240606 pull aligned FR # = 104; pull aligned gaze # = 104
20240606 pull aligned FR # = 104; pull aligned gaze # = 104
20240606 pull aligned FR # = 104; pull aligned gaze # = 104
20240606 pull aligned FR # = 104; pull aligned gaze # = 104
20240606 pull aligned FR # = 104; pull aligned gaze # = 104
20240606 pull aligned FR # = 104; pull aligned gaze # = 104
20240606 pull aligned FR # = 104; pull aligned gaze # = 104
20240606 pull aligned FR # = 104; pull aligned gaze # = 104
20240606 pull aligned FR # = 104; pull aligned gaze # = 104
20240606 pull aligned FR # = 104; pull aligned gaze # = 104
20240606 pull aligned FR # = 104; pull aligned gaze # = 104
20240606 pull aligned FR # = 104; pull aligned gaze # = 104
20240606 pull aligned FR # = 104; pull aligned gaze # = 104
20240606 pull aligned FR # = 104; pull aligned gaze # = 104
20240606 pull aligned FR # = 104; pull aligned gaze # = 104
20240606 pull aligned FR # = 104; pull aligned gaze # = 104
20240606 pull aligned FR # = 104; pull aligned gaze # = 104
20240606 pull aligned FR # = 104; pull aligned gaze # = 104
20240606 pull aligned FR # = 104; pull aligned gaze # = 104
20240606 pull aligned FR # = 104; pull aligned gaze # = 104
20240606 pull aligned FR # = 104; pull aligned gaze # = 104
20240613 pull aligned FR # = 136; pull aligned gaze # = 136
20240613 pull aligned FR # = 136; pull aligned gaze # = 136
20240613 pull aligned FR # = 136; pull aligned gaze # = 136
20240613 pull aligned FR # = 136; pull aligned gaze # = 136
20240613 pull aligned FR # = 136; pull aligned gaze # = 136
20240613 pull aligned FR # = 136; pull aligned gaze # = 136
20240613 pull aligned FR # = 136; pull aligned gaze # = 136
20240613 pull aligned FR # = 136; pull aligned gaze # = 136
20240613 pull aligned FR # = 136; pull aligned gaze # = 136
20240613 pull aligned FR # = 136; pull aligned gaze # = 136
20240613 pull aligned FR # = 136; pull aligned gaze # = 136
20240613 pull aligned FR # = 136; pull aligned gaze # = 136
20240613 pull aligned FR # = 136; pull aligned gaze # = 136
20240613 pull aligned FR # = 136; pull aligned gaze # = 136
20240613 pull aligned FR # = 136; pull aligned gaze # = 136
20240613 pull aligned FR # = 136; pull aligned gaze # = 136
20240613 pull aligned FR # = 136; pull aligned gaze # = 136
20240613 pull aligned FR # = 136; pull aligned gaze # = 136
20240613 pull aligned FR # = 136; pull aligned gaze # = 136
20240613 pull aligned FR # = 136; pull aligned gaze # = 136
20240613 pull aligned FR # = 136; pull aligned gaze # = 136
20240613 pull aligned FR # = 136; pull aligned gaze # = 136
20240613 pull aligned FR # = 136; pull aligned gaze # = 136
20240613 pull aligned FR # = 136; pull aligned gaze # = 136
20240613 pull aligned FR # = 136; pull aligned gaze # = 136
20240613 pull aligned FR # = 136; pull aligned gaze # = 136
20240613 pull aligned FR # = 136; pull aligned gaze # = 136
20240614 pull aligned FR # = 137; pull aligned gaze # = 137
20240614 pull aligned FR # = 137; pull aligned gaze # = 137
20240614 pull aligned FR # = 137; pull aligned gaze # = 137
20240614 pull aligned FR # = 137; pull aligned gaze # = 137
20240614 pull aligned FR # = 137; pull aligned gaze # = 137
20240614 pull aligned FR # = 137; pull aligned gaze # = 137
20240614 pull aligned FR # = 137; pull aligned gaze # = 137
20240614 pull aligned FR # = 137; pull aligned gaze # = 137
20240614 pull aligned FR # = 137; pull aligned gaze # = 137
20240614 pull aligned FR # = 137; pull aligned gaze # = 137
20240614 pull aligned FR # = 137; pull aligned gaze # = 137
20240614 pull aligned FR # = 137; pull aligned gaze # = 137
20240614 pull aligned FR # = 137; pull aligned gaze # = 137
20240614 pull aligned FR # = 137; pull aligned gaze # = 137
20240614 pull aligned FR # = 137; pull aligned gaze # = 137
20240614 pull aligned FR # = 137; pull aligned gaze # = 137
20240614 pull aligned FR # = 137; pull aligned gaze # = 137
20240614 pull aligned FR # = 137; pull aligned gaze # = 137
20240617 pull aligned FR # = 158; pull aligned gaze # = 158
20240617 pull aligned FR # = 158; pull aligned gaze # = 158
20240617 pull aligned FR # = 158; pull aligned gaze # = 158
20240617 pull aligned FR # = 158; pull aligned gaze # = 158
20240617 pull aligned FR # = 158; pull aligned gaze # = 158
20240617 pull aligned FR # = 158; pull aligned gaze # = 158
20240617 pull aligned FR # = 158; pull aligned gaze # = 158
20240617 pull aligned FR # = 158; pull aligned gaze # = 158
20240617 pull aligned FR # = 158; pull aligned gaze # = 158
20240617 pull aligned FR # = 158; pull aligned gaze # = 158
20240617 pull aligned FR # = 158; pull aligned gaze # = 158
20240617 pull aligned FR # = 158; pull aligned gaze # = 158
20240617 pull aligned FR # = 158; pull aligned gaze # = 158
20240617 pull aligned FR # = 158; pull aligned gaze # = 158
20240617 pull aligned FR # = 158; pull aligned gaze # = 158
20240617 pull aligned FR # = 158; pull aligned gaze # = 158
20240617 pull aligned FR # = 158; pull aligned gaze # = 158
20240617 pull aligned FR # = 158; pull aligned gaze # = 158
20240617 pull aligned FR # = 158; pull aligned gaze # = 158
20240617 pull aligned FR # = 158; pull aligned gaze # = 158
20240618 pull aligned FR # = 237; pull aligned gaze # = 237
20240618 pull aligned FR # = 237; pull aligned gaze # = 237
20240618 pull aligned FR # = 237; pull aligned gaze # = 237
20240618 pull aligned FR # = 237; pull aligned gaze # = 237
20240618 pull aligned FR # = 237; pull aligned gaze # = 237
20240618 pull aligned FR # = 237; pull aligned gaze # = 237
20240618 pull aligned FR # = 237; pull aligned gaze # = 237
20240618 pull aligned FR # = 237; pull aligned gaze # = 237
20240618 pull aligned FR # = 237; pull aligned gaze # = 237
20240618 pull aligned FR # = 237; pull aligned gaze # = 237
20240618 pull aligned FR # = 237; pull aligned gaze # = 237
20240618 pull aligned FR # = 237; pull aligned gaze # = 237
20240618 pull aligned FR # = 237; pull aligned gaze # = 237
20240618 pull aligned FR # = 237; pull aligned gaze # = 237
20240618 pull aligned FR # = 237; pull aligned gaze # = 237
20240618 pull aligned FR # = 237; pull aligned gaze # = 237
20240618 pull aligned FR # = 237; pull aligned gaze # = 237
20240618 pull aligned FR # = 237; pull aligned gaze # = 237
20240618 pull aligned FR # = 237; pull aligned gaze # = 237
20240618 pull aligned FR # = 237; pull aligned gaze # = 237
20240618 pull aligned FR # = 237; pull aligned gaze # = 237
20240618 pull aligned FR # = 237; pull aligned gaze # = 237
20240618 pull aligned FR # = 237; pull aligned gaze # = 237
20240618 pull aligned FR # = 237; pull aligned gaze # = 237
20240618 pull aligned FR # = 237; pull aligned gaze # = 237
20240618 pull aligned FR # = 237; pull aligned gaze # = 237
20240618 pull aligned FR # = 237; pull aligned gaze # = 237
20240618 pull aligned FR # = 237; pull aligned gaze # = 237
20240619 pull aligned FR # = 155; pull aligned gaze # = 155
20240619 pull aligned FR # = 155; pull aligned gaze # = 155
20240619 pull aligned FR # = 155; pull aligned gaze # = 155
20240619 pull aligned FR # = 155; pull aligned gaze # = 155
20240619 pull aligned FR # = 155; pull aligned gaze # = 155
20240619 pull aligned FR # = 155; pull aligned gaze # = 155
20240619 pull aligned FR # = 155; pull aligned gaze # = 155
20240619 pull aligned FR # = 155; pull aligned gaze # = 155
20240619 pull aligned FR # = 155; pull aligned gaze # = 155
20240619 pull aligned FR # = 155; pull aligned gaze # = 155
20240619 pull aligned FR # = 155; pull aligned gaze # = 155
20240619 pull aligned FR # = 155; pull aligned gaze # = 155
20240619 pull aligned FR # = 155; pull aligned gaze # = 155
20240619 pull aligned FR # = 155; pull aligned gaze # = 155
20240619 pull aligned FR # = 155; pull aligned gaze # = 155
20240619 pull aligned FR # = 155; pull aligned gaze # = 155
20240619 pull aligned FR # = 155; pull aligned gaze # = 155
20240619 pull aligned FR # = 155; pull aligned gaze # = 155
20240619 pull aligned FR # = 155; pull aligned gaze # = 155
20240619 pull aligned FR # = 155; pull aligned gaze # = 155
20240619 pull aligned FR # = 155; pull aligned gaze # = 155
20240619 pull aligned FR # = 155; pull aligned gaze # = 155
20240619 pull aligned FR # = 155; pull aligned gaze # = 155
20240619 pull aligned FR # = 155; pull aligned gaze # = 155
20240619 pull aligned FR # = 155; pull aligned gaze # = 155
20240619 pull aligned FR # = 155; pull aligned gaze # = 155
20240619 pull aligned FR # = 155; pull aligned gaze # = 155
20240619 pull aligned FR # = 155; pull aligned gaze # = 155
20240619 pull aligned FR # = 155; pull aligned gaze # = 155
20240619 pull aligned FR # = 155; pull aligned gaze # = 155
20240620 pull aligned FR # = 170; pull aligned gaze # = 170
20240620 pull aligned FR # = 170; pull aligned gaze # = 170
20240620 pull aligned FR # = 170; pull aligned gaze # = 170
20240620 pull aligned FR # = 170; pull aligned gaze # = 170
20240620 pull aligned FR # = 170; pull aligned gaze # = 170
20240620 pull aligned FR # = 170; pull aligned gaze # = 170
20240620 pull aligned FR # = 170; pull aligned gaze # = 170
20240620 pull aligned FR # = 170; pull aligned gaze # = 170
20240620 pull aligned FR # = 170; pull aligned gaze # = 170
20240620 pull aligned FR # = 170; pull aligned gaze # = 170
20240620 pull aligned FR # = 170; pull aligned gaze # = 170
20240620 pull aligned FR # = 170; pull aligned gaze # = 170
20240620 pull aligned FR # = 170; pull aligned gaze # = 170
20240620 pull aligned FR # = 170; pull aligned gaze # = 170
20240620 pull aligned FR # = 170; pull aligned gaze # = 170
20240620 pull aligned FR # = 170; pull aligned gaze # = 170
20240620 pull aligned FR # = 170; pull aligned gaze # = 170
20240620 pull aligned FR # = 170; pull aligned gaze # = 170
20240620 pull aligned FR # = 170; pull aligned gaze # = 170
20240620 pull aligned FR # = 170; pull aligned gaze # = 170
20240620 pull aligned FR # = 170; pull aligned gaze # = 170
20240620 pull aligned FR # = 170; pull aligned gaze # = 170
20240620 pull aligned FR # = 170; pull aligned gaze # = 170
20240620 pull aligned FR # = 170; pull aligned gaze # = 170
20250415 pull aligned FR # = 48; pull aligned gaze # = 48
20250415 pull aligned FR # = 48; pull aligned gaze # = 48
20250415 pull aligned FR # = 48; pull aligned gaze # = 48
20250415 pull aligned FR # = 48; pull aligned gaze # = 48
20250415 pull aligned FR # = 48; pull aligned gaze # = 48
20250415 pull aligned FR # = 48; pull aligned gaze # = 48
20250415 pull aligned FR # = 48; pull aligned gaze # = 48
20250415 pull aligned FR # = 48; pull aligned gaze # = 48
20250415 pull aligned FR # = 48; pull aligned gaze # = 48
20250415 pull aligned FR # = 48; pull aligned gaze # = 48
20250415 pull aligned FR # = 48; pull aligned gaze # = 48
20250415 pull aligned FR # = 48; pull aligned gaze # = 48
20250415 pull aligned FR # = 48; pull aligned gaze # = 48
20250415 pull aligned FR # = 48; pull aligned gaze # = 48
20250415 pull aligned FR # = 48; pull aligned gaze # = 48
20250415 pull aligned FR # = 48; pull aligned gaze # = 48
20250415 pull aligned FR # = 48; pull aligned gaze # = 48
20250415 pull aligned FR # = 48; pull aligned gaze # = 48
20250415 pull aligned FR # = 48; pull aligned gaze # = 48
20250415 pull aligned FR # = 48; pull aligned gaze # = 48
20250415 pull aligned FR # = 48; pull aligned gaze # = 48
20250415 pull aligned FR # = 48; pull aligned gaze # = 48
20250415 pull aligned FR # = 48; pull aligned gaze # = 48
20250415 pull aligned FR # = 48; pull aligned gaze # = 48
20250415 pull aligned FR # = 48; pull aligned gaze # = 48
20250415 pull aligned FR # = 48; pull aligned gaze # = 48
20250415 pull aligned FR # = 48; pull aligned gaze # = 48
20250415 pull aligned FR # = 48; pull aligned gaze # = 48
20250415 pull aligned FR # = 48; pull aligned gaze # = 48
20250415 pull aligned FR # = 48; pull aligned gaze # = 48
20250415 pull aligned FR # = 48; pull aligned gaze # = 48
20250415 pull aligned FR # = 48; pull aligned gaze # = 48
20250415 pull aligned FR # = 48; pull aligned gaze # = 48
20250415 pull aligned FR # = 48; pull aligned gaze # = 48
20250415 pull aligned FR # = 48; pull aligned gaze # = 48
20250415 pull aligned FR # = 48; pull aligned gaze # = 48
20250415 pull aligned FR # = 48; pull aligned gaze # = 48
20250415 pull aligned FR # = 48; pull aligned gaze # = 48
20250415 pull aligned FR # = 48; pull aligned gaze # = 48
20250415 pull aligned FR # = 48; pull aligned gaze # = 48
20250415 pull aligned FR # = 48; pull aligned gaze # = 48
20250415 pull aligned FR # = 48; pull aligned gaze # = 48
20250417 pull aligned FR # = 63; pull aligned gaze # = 63
20250417 pull aligned FR # = 63; pull aligned gaze # = 63
20250417 pull aligned FR # = 63; pull aligned gaze # = 63
20250417 pull aligned FR # = 63; pull aligned gaze # = 63
20250417 pull aligned FR # = 63; pull aligned gaze # = 63
20250417 pull aligned FR # = 63; pull aligned gaze # = 63
20250417 pull aligned FR # = 63; pull aligned gaze # = 63
20250417 pull aligned FR # = 63; pull aligned gaze # = 63
20250417 pull aligned FR # = 63; pull aligned gaze # = 63
20250417 pull aligned FR # = 63; pull aligned gaze # = 63
20250417 pull aligned FR # = 63; pull aligned gaze # = 63
20250417 pull aligned FR # = 63; pull aligned gaze # = 63
20250417 pull aligned FR # = 63; pull aligned gaze # = 63
20250417 pull aligned FR # = 63; pull aligned gaze # = 63
20250417 pull aligned FR # = 63; pull aligned gaze # = 63
20250417 pull aligned FR # = 63; pull aligned gaze # = 63
20250417 pull aligned FR # = 63; pull aligned gaze # = 63
20250417 pull aligned FR # = 63; pull aligned gaze # = 63
20250417 pull aligned FR # = 63; pull aligned gaze # = 63
20250417 pull aligned FR # = 63; pull aligned gaze # = 63
20250417 pull aligned FR # = 63; pull aligned gaze # = 63
20250417 pull aligned FR # = 63; pull aligned gaze # = 63
20250417 pull aligned FR # = 63; pull aligned gaze # = 63
20250417 pull aligned FR # = 63; pull aligned gaze # = 63
20250417 pull aligned FR # = 63; pull aligned gaze # = 63
20250417 pull aligned FR # = 63; pull aligned gaze # = 63
20250417 pull aligned FR # = 63; pull aligned gaze # = 63
20250417 pull aligned FR # = 63; pull aligned gaze # = 63
20250417 pull aligned FR # = 63; pull aligned gaze # = 63
20240808 pull aligned FR # = 82; pull aligned gaze # = 82
20240808 pull aligned FR # = 82; pull aligned gaze # = 82
20240808 pull aligned FR # = 82; pull aligned gaze # = 82
20240808 pull aligned FR # = 82; pull aligned gaze # = 82
20240808 pull aligned FR # = 82; pull aligned gaze # = 82
20240808 pull aligned FR # = 82; pull aligned gaze # = 82
20240808 pull aligned FR # = 82; pull aligned gaze # = 82
20240808 pull aligned FR # = 82; pull aligned gaze # = 82
20240808 pull aligned FR # = 82; pull aligned gaze # = 82
20240808 pull aligned FR # = 82; pull aligned gaze # = 82
20240808 pull aligned FR # = 82; pull aligned gaze # = 82
20240808 pull aligned FR # = 82; pull aligned gaze # = 82
20240808 pull aligned FR # = 82; pull aligned gaze # = 82
20240808 pull aligned FR # = 82; pull aligned gaze # = 82
20240808 pull aligned FR # = 82; pull aligned gaze # = 82
20240808 pull aligned FR # = 82; pull aligned gaze # = 82
20240808 pull aligned FR # = 82; pull aligned gaze # = 82
20240808 pull aligned FR # = 82; pull aligned gaze # = 82
20240808 pull aligned FR # = 82; pull aligned gaze # = 82
20240808 pull aligned FR # = 82; pull aligned gaze # = 82
20240808 pull aligned FR # = 82; pull aligned gaze # = 82
20240808 pull aligned FR # = 82; pull aligned gaze # = 82
20240808 pull aligned FR # = 82; pull aligned gaze # = 82
20240808 pull aligned FR # = 82; pull aligned gaze # = 82
20240809 pull aligned FR # = 84; pull aligned gaze # = 84
20240809 pull aligned FR # = 84; pull aligned gaze # = 84
20240809 pull aligned FR # = 84; pull aligned gaze # = 84
20240809 pull aligned FR # = 84; pull aligned gaze # = 84
20240809 pull aligned FR # = 84; pull aligned gaze # = 84
20240809 pull aligned FR # = 84; pull aligned gaze # = 84
20240809 pull aligned FR # = 84; pull aligned gaze # = 84
20240809 pull aligned FR # = 84; pull aligned gaze # = 84
20240809 pull aligned FR # = 84; pull aligned gaze # = 84
20240809 pull aligned FR # = 84; pull aligned gaze # = 84
20240809 pull aligned FR # = 84; pull aligned gaze # = 84
20240809 pull aligned FR # = 84; pull aligned gaze # = 84
20240809 pull aligned FR # = 84; pull aligned gaze # = 84
20240809 pull aligned FR # = 84; pull aligned gaze # = 84
20240809 pull aligned FR # = 84; pull aligned gaze # = 84
20240809 pull aligned FR # = 84; pull aligned gaze # = 84
20240809 pull aligned FR # = 84; pull aligned gaze # = 84
20240809 pull aligned FR # = 84; pull aligned gaze # = 84
20240809 pull aligned FR # = 84; pull aligned gaze # = 84
20240809 pull aligned FR # = 84; pull aligned gaze # = 84
20240809 pull aligned FR # = 84; pull aligned gaze # = 84
20240809 pull aligned FR # = 84; pull aligned gaze # = 84
20240809 pull aligned FR # = 84; pull aligned gaze # = 84
20240809 pull aligned FR # = 84; pull aligned gaze # = 84
20240812 pull aligned FR # = 87; pull aligned gaze # = 87
20240812 pull aligned FR # = 87; pull aligned gaze # = 87
20240812 pull aligned FR # = 87; pull aligned gaze # = 87
20240812 pull aligned FR # = 87; pull aligned gaze # = 87
20240812 pull aligned FR # = 87; pull aligned gaze # = 87
20240812 pull aligned FR # = 87; pull aligned gaze # = 87
20240812 pull aligned FR # = 87; pull aligned gaze # = 87
20240812 pull aligned FR # = 87; pull aligned gaze # = 87
20240812 pull aligned FR # = 87; pull aligned gaze # = 87
20240812 pull aligned FR # = 87; pull aligned gaze # = 87
20240812 pull aligned FR # = 87; pull aligned gaze # = 87
20240812 pull aligned FR # = 87; pull aligned gaze # = 87
20240812 pull aligned FR # = 87; pull aligned gaze # = 87
20240812 pull aligned FR # = 87; pull aligned gaze # = 87
20240812 pull aligned FR # = 87; pull aligned gaze # = 87
20240812 pull aligned FR # = 87; pull aligned gaze # = 87
20240812 pull aligned FR # = 87; pull aligned gaze # = 87
20240812 pull aligned FR # = 87; pull aligned gaze # = 87
20240812 pull aligned FR # = 87; pull aligned gaze # = 87
20240812 pull aligned FR # = 87; pull aligned gaze # = 87
20240812 pull aligned FR # = 87; pull aligned gaze # = 87
20240812 pull aligned FR # = 87; pull aligned gaze # = 87
20240812 pull aligned FR # = 87; pull aligned gaze # = 87
20240813 pull aligned FR # = 35; pull aligned gaze # = 35
20240813 pull aligned FR # = 35; pull aligned gaze # = 35
20240813 pull aligned FR # = 35; pull aligned gaze # = 35
20240813 pull aligned FR # = 35; pull aligned gaze # = 35
20240813 pull aligned FR # = 35; pull aligned gaze # = 35
20240813 pull aligned FR # = 35; pull aligned gaze # = 35
20240813 pull aligned FR # = 35; pull aligned gaze # = 35
20240813 pull aligned FR # = 35; pull aligned gaze # = 35
20240813 pull aligned FR # = 35; pull aligned gaze # = 35
20240813 pull aligned FR # = 35; pull aligned gaze # = 35
20240813 pull aligned FR # = 35; pull aligned gaze # = 35
20240813 pull aligned FR # = 35; pull aligned gaze # = 35
20240813 pull aligned FR # = 35; pull aligned gaze # = 35
20240813 pull aligned FR # = 35; pull aligned gaze # = 35
20240813 pull aligned FR # = 35; pull aligned gaze # = 35
20240813 pull aligned FR # = 35; pull aligned gaze # = 35
20240813 pull aligned FR # = 35; pull aligned gaze # = 35
20240813 pull aligned FR # = 35; pull aligned gaze # = 35
20240813 pull aligned FR # = 35; pull aligned gaze # = 35
20240813 pull aligned FR # = 35; pull aligned gaze # = 35
20240813 pull aligned FR # = 35; pull aligned gaze # = 35
20240813 pull aligned FR # = 35; pull aligned gaze # = 35
20240813 pull aligned FR # = 35; pull aligned gaze # = 35
20240813 pull aligned FR # = 35; pull aligned gaze # = 35
20240813 pull aligned FR # = 35; pull aligned gaze # = 35
20240813 pull aligned FR # = 35; pull aligned gaze # = 35
20240813 pull aligned FR # = 35; pull aligned gaze # = 35
20240813 pull aligned FR # = 35; pull aligned gaze # = 35
20240813 pull aligned FR # = 35; pull aligned gaze # = 35
20240813 pull aligned FR # = 35; pull aligned gaze # = 35
20240814 pull aligned FR # = 92; pull aligned gaze # = 92
20240814 pull aligned FR # = 92; pull aligned gaze # = 92
20240814 pull aligned FR # = 92; pull aligned gaze # = 92
20240814 pull aligned FR # = 92; pull aligned gaze # = 92
20240814 pull aligned FR # = 92; pull aligned gaze # = 92
20240814 pull aligned FR # = 92; pull aligned gaze # = 92
20240814 pull aligned FR # = 92; pull aligned gaze # = 92
20240814 pull aligned FR # = 92; pull aligned gaze # = 92
20240814 pull aligned FR # = 92; pull aligned gaze # = 92
20240814 pull aligned FR # = 92; pull aligned gaze # = 92
20240814 pull aligned FR # = 92; pull aligned gaze # = 92
20240814 pull aligned FR # = 92; pull aligned gaze # = 92
20240814 pull aligned FR # = 92; pull aligned gaze # = 92
20240814 pull aligned FR # = 92; pull aligned gaze # = 92
20240814 pull aligned FR # = 92; pull aligned gaze # = 92
20240814 pull aligned FR # = 92; pull aligned gaze # = 92
20240814 pull aligned FR # = 92; pull aligned gaze # = 92
20240814 pull aligned FR # = 92; pull aligned gaze # = 92
20240814 pull aligned FR # = 92; pull aligned gaze # = 92
20240815 pull aligned FR # = 72; pull aligned gaze # = 72
20240815 pull aligned FR # = 72; pull aligned gaze # = 72
20240815 pull aligned FR # = 72; pull aligned gaze # = 72
20240815 pull aligned FR # = 72; pull aligned gaze # = 72
20240815 pull aligned FR # = 72; pull aligned gaze # = 72
20240815 pull aligned FR # = 72; pull aligned gaze # = 72
20240815 pull aligned FR # = 72; pull aligned gaze # = 72
20240815 pull aligned FR # = 72; pull aligned gaze # = 72
20240815 pull aligned FR # = 72; pull aligned gaze # = 72
20240815 pull aligned FR # = 72; pull aligned gaze # = 72
20240815 pull aligned FR # = 72; pull aligned gaze # = 72
20240815 pull aligned FR # = 72; pull aligned gaze # = 72
20240815 pull aligned FR # = 72; pull aligned gaze # = 72
20240815 pull aligned FR # = 72; pull aligned gaze # = 72
20240815 pull aligned FR # = 72; pull aligned gaze # = 72
20240815 pull aligned FR # = 72; pull aligned gaze # = 72
20240815 pull aligned FR # = 72; pull aligned gaze # = 72
20240815 pull aligned FR # = 72; pull aligned gaze # = 72
20240815 pull aligned FR # = 72; pull aligned gaze # = 72
20240815 pull aligned FR # = 72; pull aligned gaze # = 72
20240819 pull aligned FR # = 76; pull aligned gaze # = 76
20240819 pull aligned FR # = 76; pull aligned gaze # = 76
20240819 pull aligned FR # = 76; pull aligned gaze # = 76
20240819 pull aligned FR # = 76; pull aligned gaze # = 76
20240819 pull aligned FR # = 76; pull aligned gaze # = 76
20240819 pull aligned FR # = 76; pull aligned gaze # = 76
20240819 pull aligned FR # = 76; pull aligned gaze # = 76
20240819 pull aligned FR # = 76; pull aligned gaze # = 76
20240819 pull aligned FR # = 76; pull aligned gaze # = 76
20240819 pull aligned FR # = 76; pull aligned gaze # = 76
20240819 pull aligned FR # = 76; pull aligned gaze # = 76
20240819 pull aligned FR # = 76; pull aligned gaze # = 76
20240819 pull aligned FR # = 76; pull aligned gaze # = 76
20240819 pull aligned FR # = 76; pull aligned gaze # = 76
20240819 pull aligned FR # = 76; pull aligned gaze # = 76
20240819 pull aligned FR # = 76; pull aligned gaze # = 76
20240819 pull aligned FR # = 76; pull aligned gaze # = 76
20240819 pull aligned FR # = 76; pull aligned gaze # = 76
20240819 pull aligned FR # = 76; pull aligned gaze # = 76
20240819 pull aligned FR # = 76; pull aligned gaze # = 76
20240819 pull aligned FR # = 76; pull aligned gaze # = 76
20240821 pull aligned FR # = 49; pull aligned gaze # = 49
20240821 pull aligned FR # = 49; pull aligned gaze # = 49
20240821 pull aligned FR # = 49; pull aligned gaze # = 49
20240821 pull aligned FR # = 49; pull aligned gaze # = 49
20240821 pull aligned FR # = 49; pull aligned gaze # = 49
20240821 pull aligned FR # = 49; pull aligned gaze # = 49
20240821 pull aligned FR # = 49; pull aligned gaze # = 49
20240821 pull aligned FR # = 49; pull aligned gaze # = 49
20240821 pull aligned FR # = 49; pull aligned gaze # = 49
20240821 pull aligned FR # = 49; pull aligned gaze # = 49
20240821 pull aligned FR # = 49; pull aligned gaze # = 49
20240821 pull aligned FR # = 49; pull aligned gaze # = 49
20240821 pull aligned FR # = 49; pull aligned gaze # = 49
20240821 pull aligned FR # = 49; pull aligned gaze # = 49
20240821 pull aligned FR # = 49; pull aligned gaze # = 49
20240821 pull aligned FR # = 49; pull aligned gaze # = 49
20240821 pull aligned FR # = 49; pull aligned gaze # = 49
20240821 pull aligned FR # = 49; pull aligned gaze # = 49
20240821 pull aligned FR # = 49; pull aligned gaze # = 49
20240822 pull aligned FR # = 49; pull aligned gaze # = 49
20240822 pull aligned FR # = 49; pull aligned gaze # = 49
20240822 pull aligned FR # = 49; pull aligned gaze # = 49
20240822 pull aligned FR # = 49; pull aligned gaze # = 49
20240822 pull aligned FR # = 49; pull aligned gaze # = 49
20240822 pull aligned FR # = 49; pull aligned gaze # = 49
20240822 pull aligned FR # = 49; pull aligned gaze # = 49
20240822 pull aligned FR # = 49; pull aligned gaze # = 49
20240822 pull aligned FR # = 49; pull aligned gaze # = 49
20240822 pull aligned FR # = 49; pull aligned gaze # = 49
20240822 pull aligned FR # = 49; pull aligned gaze # = 49
20240822 pull aligned FR # = 49; pull aligned gaze # = 49
20240822 pull aligned FR # = 49; pull aligned gaze # = 49
20240822 pull aligned FR # = 49; pull aligned gaze # = 49
20240822 pull aligned FR # = 49; pull aligned gaze # = 49
20240822 pull aligned FR # = 49; pull aligned gaze # = 49
20240621_1 pull aligned FR # = 30; pull aligned gaze # = 30
20240621_1 pull aligned FR # = 30; pull aligned gaze # = 30
20240621_1 pull aligned FR # = 30; pull aligned gaze # = 30
20240621_1 pull aligned FR # = 30; pull aligned gaze # = 30
20240621_1 pull aligned FR # = 30; pull aligned gaze # = 30
20240621_1 pull aligned FR # = 30; pull aligned gaze # = 30
20240621_1 pull aligned FR # = 30; pull aligned gaze # = 30
20240621_1 pull aligned FR # = 30; pull aligned gaze # = 30
20240621_1 pull aligned FR # = 30; pull aligned gaze # = 30
20240621_1 pull aligned FR # = 30; pull aligned gaze # = 30
20240621_1 pull aligned FR # = 30; pull aligned gaze # = 30
20240621_1 pull aligned FR # = 30; pull aligned gaze # = 30
20240621_1 pull aligned FR # = 30; pull aligned gaze # = 30
20240621_1 pull aligned FR # = 30; pull aligned gaze # = 30
20240621_1 pull aligned FR # = 30; pull aligned gaze # = 30
20240621_1 pull aligned FR # = 30; pull aligned gaze # = 30
20240621_1 pull aligned FR # = 30; pull aligned gaze # = 30
20240621_1 pull aligned FR # = 30; pull aligned gaze # = 30
20240621_1 pull aligned FR # = 30; pull aligned gaze # = 30
20240621_1 pull aligned FR # = 30; pull aligned gaze # = 30
20240621_1 pull aligned FR # = 30; pull aligned gaze # = 30
20240621_1 pull aligned FR # = 30; pull aligned gaze # = 30
20240621_1 pull aligned FR # = 30; pull aligned gaze # = 30
20240621_1 pull aligned FR # = 30; pull aligned gaze # = 30
20240621_1 pull aligned FR # = 30; pull aligned gaze # = 30
20240621_1 pull aligned FR # = 30; pull aligned gaze # = 30
20240621_1 pull aligned FR # = 30; pull aligned gaze # = 30
20240621_1 pull aligned FR # = 30; pull aligned gaze # = 30
20240621_1 pull aligned FR # = 30; pull aligned gaze # = 30
20240621_1 pull aligned FR # = 30; pull aligned gaze # = 30
20240621_1 pull aligned FR # = 30; pull aligned gaze # = 30
20240624 pull aligned FR # = 65; pull aligned gaze # = 65
20240624 pull aligned FR # = 65; pull aligned gaze # = 65
20240624 pull aligned FR # = 65; pull aligned gaze # = 65
20240624 pull aligned FR # = 65; pull aligned gaze # = 65
20240624 pull aligned FR # = 65; pull aligned gaze # = 65
20240624 pull aligned FR # = 65; pull aligned gaze # = 65
20240624 pull aligned FR # = 65; pull aligned gaze # = 65
20240624 pull aligned FR # = 65; pull aligned gaze # = 65
20240624 pull aligned FR # = 65; pull aligned gaze # = 65
20240624 pull aligned FR # = 65; pull aligned gaze # = 65
20240624 pull aligned FR # = 65; pull aligned gaze # = 65
20240624 pull aligned FR # = 65; pull aligned gaze # = 65
20240624 pull aligned FR # = 65; pull aligned gaze # = 65
20240624 pull aligned FR # = 65; pull aligned gaze # = 65
20240624 pull aligned FR # = 65; pull aligned gaze # = 65
20240624 pull aligned FR # = 65; pull aligned gaze # = 65
20240624 pull aligned FR # = 65; pull aligned gaze # = 65
20240624 pull aligned FR # = 65; pull aligned gaze # = 65
20240624 pull aligned FR # = 65; pull aligned gaze # = 65
20240624 pull aligned FR # = 65; pull aligned gaze # = 65
20240624 pull aligned FR # = 65; pull aligned gaze # = 65
20240624 pull aligned FR # = 65; pull aligned gaze # = 65
20240624 pull aligned FR # = 65; pull aligned gaze # = 65
20240624 pull aligned FR # = 65; pull aligned gaze # = 65
20240624 pull aligned FR # = 65; pull aligned gaze # = 65
20240624 pull aligned FR # = 65; pull aligned gaze # = 65
20240624 pull aligned FR # = 65; pull aligned gaze # = 65
20240624 pull aligned FR # = 65; pull aligned gaze # = 65
20240624 pull aligned FR # = 65; pull aligned gaze # = 65
20240626 pull aligned FR # = 68; pull aligned gaze # = 68
20240626 pull aligned FR # = 68; pull aligned gaze # = 68
20240626 pull aligned FR # = 68; pull aligned gaze # = 68
20240626 pull aligned FR # = 68; pull aligned gaze # = 68
20240626 pull aligned FR # = 68; pull aligned gaze # = 68
20240626 pull aligned FR # = 68; pull aligned gaze # = 68
20240626 pull aligned FR # = 68; pull aligned gaze # = 68
20240626 pull aligned FR # = 68; pull aligned gaze # = 68
20240626 pull aligned FR # = 68; pull aligned gaze # = 68
20240626 pull aligned FR # = 68; pull aligned gaze # = 68
20240626 pull aligned FR # = 68; pull aligned gaze # = 68
20240626 pull aligned FR # = 68; pull aligned gaze # = 68
20240626 pull aligned FR # = 68; pull aligned gaze # = 68
20240626 pull aligned FR # = 68; pull aligned gaze # = 68
20240626 pull aligned FR # = 68; pull aligned gaze # = 68
20240626 pull aligned FR # = 68; pull aligned gaze # = 68
20240626 pull aligned FR # = 68; pull aligned gaze # = 68
20240626 pull aligned FR # = 68; pull aligned gaze # = 68
20240626 pull aligned FR # = 68; pull aligned gaze # = 68
20240508 pull aligned FR # = 48; pull aligned gaze # = 48
20240508 pull aligned FR # = 48; pull aligned gaze # = 48
20240508 pull aligned FR # = 48; pull aligned gaze # = 48
20240508 pull aligned FR # = 48; pull aligned gaze # = 48
20240508 pull aligned FR # = 48; pull aligned gaze # = 48
20240508 pull aligned FR # = 48; pull aligned gaze # = 48
20240508 pull aligned FR # = 48; pull aligned gaze # = 48
20240508 pull aligned FR # = 48; pull aligned gaze # = 48
20240508 pull aligned FR # = 48; pull aligned gaze # = 48
20240508 pull aligned FR # = 48; pull aligned gaze # = 48
20240508 pull aligned FR # = 48; pull aligned gaze # = 48
20240508 pull aligned FR # = 48; pull aligned gaze # = 48
20240508 pull aligned FR # = 48; pull aligned gaze # = 48
20240508 pull aligned FR # = 48; pull aligned gaze # = 48
20240508 pull aligned FR # = 48; pull aligned gaze # = 48
20240508 pull aligned FR # = 48; pull aligned gaze # = 48
20240508 pull aligned FR # = 48; pull aligned gaze # = 48
20240508 pull aligned FR # = 48; pull aligned gaze # = 48
20240508 pull aligned FR # = 48; pull aligned gaze # = 48
20240508 pull aligned FR # = 48; pull aligned gaze # = 48
20240514 pull aligned FR # = 56; pull aligned gaze # = 56
20240514 pull aligned FR # = 56; pull aligned gaze # = 56
20240514 pull aligned FR # = 56; pull aligned gaze # = 56
20240514 pull aligned FR # = 56; pull aligned gaze # = 56
20240514 pull aligned FR # = 56; pull aligned gaze # = 56
20240514 pull aligned FR # = 56; pull aligned gaze # = 56
20240514 pull aligned FR # = 56; pull aligned gaze # = 56
20240514 pull aligned FR # = 56; pull aligned gaze # = 56
20240514 pull aligned FR # = 56; pull aligned gaze # = 56
20240514 pull aligned FR # = 56; pull aligned gaze # = 56
20240514 pull aligned FR # = 56; pull aligned gaze # = 56
20240514 pull aligned FR # = 56; pull aligned gaze # = 56
20240514 pull aligned FR # = 56; pull aligned gaze # = 56
20240514 pull aligned FR # = 56; pull aligned gaze # = 56
20240514 pull aligned FR # = 56; pull aligned gaze # = 56
20240514 pull aligned FR # = 56; pull aligned gaze # = 56
20240524 pull aligned FR # = 67; pull aligned gaze # = 67
20240524 pull aligned FR # = 67; pull aligned gaze # = 67
20240524 pull aligned FR # = 67; pull aligned gaze # = 67
20240524 pull aligned FR # = 67; pull aligned gaze # = 67
20240524 pull aligned FR # = 67; pull aligned gaze # = 67
20240524 pull aligned FR # = 67; pull aligned gaze # = 67
20240524 pull aligned FR # = 67; pull aligned gaze # = 67
20240524 pull aligned FR # = 67; pull aligned gaze # = 67
20240524 pull aligned FR # = 67; pull aligned gaze # = 67
20240524 pull aligned FR # = 67; pull aligned gaze # = 67
20240524 pull aligned FR # = 67; pull aligned gaze # = 67
20240524 pull aligned FR # = 67; pull aligned gaze # = 67
20240524 pull aligned FR # = 67; pull aligned gaze # = 67
20240524 pull aligned FR # = 67; pull aligned gaze # = 67
20240524 pull aligned FR # = 67; pull aligned gaze # = 67
20240524 pull aligned FR # = 67; pull aligned gaze # = 67
20240524 pull aligned FR # = 67; pull aligned gaze # = 67
20240524 pull aligned FR # = 67; pull aligned gaze # = 67
20240524 pull aligned FR # = 67; pull aligned gaze # = 67
20240524 pull aligned FR # = 67; pull aligned gaze # = 67
20250416 pull aligned FR # = 52; pull aligned gaze # = 52
20250416 pull aligned FR # = 52; pull aligned gaze # = 52
20250416 pull aligned FR # = 52; pull aligned gaze # = 52
20250416 pull aligned FR # = 52; pull aligned gaze # = 52
20250416 pull aligned FR # = 52; pull aligned gaze # = 52
20250416 pull aligned FR # = 52; pull aligned gaze # = 52
20250416 pull aligned FR # = 52; pull aligned gaze # = 52
20250416 pull aligned FR # = 52; pull aligned gaze # = 52
20250416 pull aligned FR # = 52; pull aligned gaze # = 52
20250416 pull aligned FR # = 52; pull aligned gaze # = 52
20250416 pull aligned FR # = 52; pull aligned gaze # = 52
20250416 pull aligned FR # = 52; pull aligned gaze # = 52
20250416 pull aligned FR # = 52; pull aligned gaze # = 52
20250416 pull aligned FR # = 52; pull aligned gaze # = 52
20250416 pull aligned FR # = 52; pull aligned gaze # = 52
20250416 pull aligned FR # = 52; pull aligned gaze # = 52
20250416 pull aligned FR # = 52; pull aligned gaze # = 52
20250416 pull aligned FR # = 52; pull aligned gaze # = 52
20250416 pull aligned FR # = 52; pull aligned gaze # = 52
20250416 pull aligned FR # = 52; pull aligned gaze # = 52
20250416 pull aligned FR # = 52; pull aligned gaze # = 52
20250416 pull aligned FR # = 52; pull aligned gaze # = 52
20250416 pull aligned FR # = 52; pull aligned gaze # = 52
20250416 pull aligned FR # = 52; pull aligned gaze # = 52
20250416 pull aligned FR # = 52; pull aligned gaze # = 52
20250416 pull aligned FR # = 52; pull aligned gaze # = 52
20250416 pull aligned FR # = 52; pull aligned gaze # = 52
20250416 pull aligned FR # = 52; pull aligned gaze # = 52
20250416 pull aligned FR # = 52; pull aligned gaze # = 52
20250416 pull aligned FR # = 52; pull aligned gaze # = 52
20250416 pull aligned FR # = 52; pull aligned gaze # = 52
20250418 pull aligned FR # = 54; pull aligned gaze # = 54
20250418 pull aligned FR # = 54; pull aligned gaze # = 54
20250418 pull aligned FR # = 54; pull aligned gaze # = 54
20250418 pull aligned FR # = 54; pull aligned gaze # = 54
20250418 pull aligned FR # = 54; pull aligned gaze # = 54
20250418 pull aligned FR # = 54; pull aligned gaze # = 54
20250418 pull aligned FR # = 54; pull aligned gaze # = 54
20250418 pull aligned FR # = 54; pull aligned gaze # = 54
20250418 pull aligned FR # = 54; pull aligned gaze # = 54
20250418 pull aligned FR # = 54; pull aligned gaze # = 54
20250418 pull aligned FR # = 54; pull aligned gaze # = 54
20250418 pull aligned FR # = 54; pull aligned gaze # = 54
20250418 pull aligned FR # = 54; pull aligned gaze # = 54
20250418 pull aligned FR # = 54; pull aligned gaze # = 54
20250418 pull aligned FR # = 54; pull aligned gaze # = 54
20250418 pull aligned FR # = 54; pull aligned gaze # = 54
20250418 pull aligned FR # = 54; pull aligned gaze # = 54
20250418 pull aligned FR # = 54; pull aligned gaze # = 54
20250418 pull aligned FR # = 54; pull aligned gaze # = 54
20250418 pull aligned FR # = 54; pull aligned gaze # = 54
20250418 pull aligned FR # = 54; pull aligned gaze # = 54
20250418 pull aligned FR # = 54; pull aligned gaze # = 54
20250418 pull aligned FR # = 54; pull aligned gaze # = 54
20250418 pull aligned FR # = 54; pull aligned gaze # = 54
20250418 pull aligned FR # = 54; pull aligned gaze # = 54
20250418 pull aligned FR # = 54; pull aligned gaze # = 54
20250418 pull aligned FR # = 54; pull aligned gaze # = 54
20250418 pull aligned FR # = 54; pull aligned gaze # = 54
20250418 pull aligned FR # = 54; pull aligned gaze # = 54
20250418 pull aligned FR # = 54; pull aligned gaze # = 54
20250418 pull aligned FR # = 54; pull aligned gaze # = 54
20250418 pull aligned FR # = 54; pull aligned gaze # = 54
20250418 pull aligned FR # = 54; pull aligned gaze # = 54
20250418 pull aligned FR # = 54; pull aligned gaze # = 54
20250418 pull aligned FR # = 54; pull aligned gaze # = 54
20250418 pull aligned FR # = 54; pull aligned gaze # = 54
20250418 pull aligned FR # = 54; pull aligned gaze # = 54
20250418 pull aligned FR # = 54; pull aligned gaze # = 54
20250418 pull aligned FR # = 54; pull aligned gaze # = 54
20250421 pull aligned FR # = 54; pull aligned gaze # = 54
20250421 pull aligned FR # = 54; pull aligned gaze # = 54
20250421 pull aligned FR # = 54; pull aligned gaze # = 54
20250421 pull aligned FR # = 54; pull aligned gaze # = 54
20250421 pull aligned FR # = 54; pull aligned gaze # = 54
20250421 pull aligned FR # = 54; pull aligned gaze # = 54
20250421 pull aligned FR # = 54; pull aligned gaze # = 54
20250421 pull aligned FR # = 54; pull aligned gaze # = 54
20250421 pull aligned FR # = 54; pull aligned gaze # = 54
20250421 pull aligned FR # = 54; pull aligned gaze # = 54
20250421 pull aligned FR # = 54; pull aligned gaze # = 54
20250421 pull aligned FR # = 54; pull aligned gaze # = 54
20250421 pull aligned FR # = 54; pull aligned gaze # = 54
20250421 pull aligned FR # = 54; pull aligned gaze # = 54
20250421 pull aligned FR # = 54; pull aligned gaze # = 54
20250421 pull aligned FR # = 54; pull aligned gaze # = 54
20250421 pull aligned FR # = 54; pull aligned gaze # = 54
20250421 pull aligned FR # = 54; pull aligned gaze # = 54
20250421 pull aligned FR # = 54; pull aligned gaze # = 54
20250421 pull aligned FR # = 54; pull aligned gaze # = 54
20250421 pull aligned FR # = 54; pull aligned gaze # = 54
20250421 pull aligned FR # = 54; pull aligned gaze # = 54
20250421 pull aligned FR # = 54; pull aligned gaze # = 54
20250421 pull aligned FR # = 54; pull aligned gaze # = 54
20250421 pull aligned FR # = 54; pull aligned gaze # = 54
20250421 pull aligned FR # = 54; pull aligned gaze # = 54
20250421 pull aligned FR # = 54; pull aligned gaze # = 54
20250421 pull aligned FR # = 54; pull aligned gaze # = 54
20250421 pull aligned FR # = 54; pull aligned gaze # = 54
20250421 pull aligned FR # = 54; pull aligned gaze # = 54
20250421 pull aligned FR # = 54; pull aligned gaze # = 54
20250421 pull aligned FR # = 54; pull aligned gaze # = 54
20250421 pull aligned FR # = 54; pull aligned gaze # = 54
20250421 pull aligned FR # = 54; pull aligned gaze # = 54
20250421 pull aligned FR # = 54; pull aligned gaze # = 54
20250421 pull aligned FR # = 54; pull aligned gaze # = 54
20250421 pull aligned FR # = 54; pull aligned gaze # = 54
20250421 pull aligned FR # = 54; pull aligned gaze # = 54
20250421 pull aligned FR # = 54; pull aligned gaze # = 54
20250421 pull aligned FR # = 54; pull aligned gaze # = 54
20250421 pull aligned FR # = 54; pull aligned gaze # = 54
Traceback (most recent call last):
  File "basic_neural_analysis_allsessions_basicEvents_PCA_makeBhvNeuronVideos_Pullfocused_continuousBhv_2.py", line 3467, in <module>
    bhvevents_aligned_FR_and_eventFeatures_all_dates_df = pd.concat(all_dates_dfs, ignore_index=True)
  File "/gpfs/radev/home/ws523/.conda/envs/DLC/lib/python3.8/site-packages/pandas/util/_decorators.py", line 311, in wrapper
    return func(*args, **kwargs)
  File "/gpfs/radev/home/ws523/.conda/envs/DLC/lib/python3.8/site-packages/pandas/core/reshape/concat.py", line 294, in concat
    op = _Concatenator(
  File "/gpfs/radev/home/ws523/.conda/envs/DLC/lib/python3.8/site-packages/pandas/core/reshape/concat.py", line 351, in __init__
    raise ValueError("No objects to concatenate")
ValueError: No objects to concatenate
