The following modules were not unloaded:
  (Use "module --force purge" to unload all):

  1) StdEnv
/gpfs/radev/home/ws523/marmoset_tracking_DLCv2/following_up_analysis/3d_recontruction_analysis_self_and_coop_task_neural_analysis/ana_functions/body_part_locs_singlecam.py:111: RuntimeWarning: Mean of empty slice
  mass_loc_a1 = np.nanmean(np.vstack((lefteye_loc_a1,righteye_loc_a1,lefteye_loc_a1,righteye_loc_a1,whiblz_loc_a1,mouth_loc_a1)),axis=0)
/gpfs/radev/home/ws523/marmoset_tracking_DLCv2/following_up_analysis/3d_recontruction_analysis_self_and_coop_task_neural_analysis/ana_functions/body_part_locs_singlecam.py:123: RuntimeWarning: Mean of empty slice
  mass_loc_a2 = np.nanmean(np.vstack((lefteye_loc_a2,righteye_loc_a2,lefteye_loc_a2,righteye_loc_a2,whiblz_loc_a2,mouth_loc_a2)),axis=0)
(67,)
(67,)
(67,)
(67,)
(67,)
(67,)
(67,)
(67,)
(67,)
(67,)
(67,)
(67,)
analyze all dates
load social gaze with camera-2 only of 20240531
plot self pull triggered bhv variables
load social gaze with camera-2 only of 20240603_MC
plot self pull triggered bhv variables
load social gaze with camera-2 only of 20240603_SR
plot self pull triggered bhv variables
load social gaze with camera-2 only of 20240604
plot self pull triggered bhv variables
load social gaze with camera-2 only of 20240605_MC
plot self pull triggered bhv variables
load social gaze with camera-2 only of 20240605_SR
plot self pull triggered bhv variables
load social gaze with camera-2 only of 20240606_MC
plot self pull triggered bhv variables
load social gaze with camera-2 only of 20240606_SR
plot self pull triggered bhv variables
load social gaze with camera-2 only of 20240607
plot self pull triggered bhv variables
load social gaze with camera-2 only of 20240610_MC
plot self pull triggered bhv variables
load social gaze with camera-2 only of 20240611
plot self pull triggered bhv variables
load social gaze with camera-2 only of 20240612
plot self pull triggered bhv variables
load social gaze with camera-2 only of 20240613
plot self pull triggered bhv variables
load social gaze with camera-2 only of 20240620
plot self pull triggered bhv variables
load social gaze with camera-2 only of 20240719
plot self pull triggered bhv variables
load social gaze with camera-2 only of 20250129
plot self pull triggered bhv variables
load social gaze with camera-2 only of 20250130
plot self pull triggered bhv variables
load social gaze with camera-2 only of 20250131
plot self pull triggered bhv variables
load social gaze with camera-2 only of 20250210
plot self pull triggered bhv variables
load social gaze with camera-2 only of 20250211
plot self pull triggered bhv variables
load social gaze with camera-2 only of 20250212
plot self pull triggered bhv variables
load social gaze with camera-2 only of 20250214
plot self pull triggered bhv variables
load social gaze with camera-2 only of 20250217
plot self pull triggered bhv variables
load social gaze with camera-2 only of 20250218
plot self pull triggered bhv variables
load social gaze with camera-2 only of 20250219
plot self pull triggered bhv variables
load social gaze with camera-2 only of 20250220
plot self pull triggered bhv variables
load social gaze with camera-2 only of 20250224
plot self pull triggered bhv variables
load social gaze with camera-2 only of 20250226
plot self pull triggered bhv variables
load social gaze with camera-2 only of 20250227
plot self pull triggered bhv variables
load social gaze with camera-2 only of 20250228
plot self pull triggered bhv variables
load social gaze with camera-2 only of 20250304
plot self pull triggered bhv variables
load social gaze with camera-2 only of 20250305
plot self pull triggered bhv variables
load social gaze with camera-2 only of 20250306
plot self pull triggered bhv variables
load social gaze with camera-2 only of 20250307
plot self pull triggered bhv variables
load social gaze with camera-2 only of 20250310
plot self pull triggered bhv variables
load social gaze with camera-2 only of 20250312
plot self pull triggered bhv variables
load social gaze with camera-2 only of 20250313
plot self pull triggered bhv variables
load social gaze with camera-2 only of 20250314
plot self pull triggered bhv variables
load social gaze with camera-2 only of 20250401
plot self pull triggered bhv variables
load social gaze with camera-2 only of 20250402
plot self pull triggered bhv variables
load social gaze with camera-2 only of 20250403
plot self pull triggered bhv variables
load social gaze with camera-2 only of 20250404
plot self pull triggered bhv variables
load social gaze with camera-2 only of 20250407
plot self pull triggered bhv variables
load social gaze with camera-2 only of 20250408
plot self pull triggered bhv variables
load social gaze with camera-2 only of 20250409
plot self pull triggered bhv variables
load social gaze with camera-2 only of 20250415
plot self pull triggered bhv variables
load social gaze with camera-2 only of 20250417
plot self pull triggered bhv variables
load social gaze with camera-2 only of 20250418
plot self pull triggered bhv variables
load social gaze with camera-2 only of 20250421
plot self pull triggered bhv variables
load social gaze with camera-2 only of 20250422
plot self pull triggered bhv variables
load social gaze with camera-2 only of 20250422_SR
plot self pull triggered bhv variables
load social gaze with camera-2 only of 20250423
plot self pull triggered bhv variables
load social gaze with camera-2 only of 20250423_SR
plot self pull triggered bhv variables
load social gaze with camera-2 only of 20250424
plot self pull triggered bhv variables
load social gaze with camera-2 only of 20250424_MC
plot self pull triggered bhv variables
load social gaze with camera-2 only of 20250424_SR
plot self pull triggered bhv variables
load social gaze with camera-2 only of 20250425
plot self pull triggered bhv variables
load social gaze with camera-2 only of 20250425_SR
plot self pull triggered bhv variables
load social gaze with camera-2 only of 20250428_NV
plot self pull triggered bhv variables
load social gaze with camera-2 only of 20250428_MC
plot self pull triggered bhv variables
load social gaze with camera-2 only of 20250428_SR
plot self pull triggered bhv variables
load social gaze with camera-2 only of 20250429_NV
plot self pull triggered bhv variables
load social gaze with camera-2 only of 20250429_MC
plot self pull triggered bhv variables
load social gaze with camera-2 only of 20250429_SR
plot self pull triggered bhv variables
load social gaze with camera-2 only of 20250430_NV
plot self pull triggered bhv variables
load social gaze with camera-2 only of 20250430_MC
plot self pull triggered bhv variables
load social gaze with camera-2 only of 20250430_SR
plot self pull triggered bhv variables
Traceback (most recent call last):
  File "basic_neural_analysis_allsessions_basicEvents_PCA_makeBhvNeuronVideos_Pullfocused_continuousBhv_partnerDistVaris.py", line 2022, in <module>
    pull_trig_events_all_dates['20240508'].keys()
KeyError: '20240508'
