The following modules were not unloaded:
  (Use "module --force purge" to unload all):

  1) StdEnv
/vast/palmer/home.mccleary/ws523/marmoset_tracking_DLCv2/following_up_analysis/3d_recontruction_analysis_self_and_coop_task_neural_analysis/ana_functions/body_part_locs_singlecam.py:123: RuntimeWarning: Mean of empty slice
  mass_loc_a2 = np.nanmean(np.vstack((lefteye_loc_a2,righteye_loc_a2,lefteye_loc_a2,righteye_loc_a2,whiblz_loc_a2,mouth_loc_a2)),axis=0)
/vast/palmer/home.mccleary/ws523/marmoset_tracking_DLCv2/following_up_analysis/3d_recontruction_analysis_self_and_coop_task_neural_analysis/ana_functions/body_part_locs_singlecam.py:111: RuntimeWarning: Mean of empty slice
  mass_loc_a1 = np.nanmean(np.vstack((lefteye_loc_a1,righteye_loc_a1,lefteye_loc_a1,righteye_loc_a1,whiblz_loc_a1,mouth_loc_a1)),axis=0)
analyze all dates
load social gaze with camera-2 only of 20240509
load spike data for 20240509_Kanga_MC
printing frame  1 / 50
printing frame  2 / 50
printing frame  3 / 50
printing frame  4 / 50
printing frame  5 / 50
printing frame  6 / 50
printing frame  7 / 50
printing frame  8 / 50
printing frame  9 / 50
printing frame  10 / 50
printing frame  11 / 50
printing frame  12 / 50
printing frame  13 / 50
printing frame  14 / 50
printing frame  15 / 50
printing frame  16 / 50
printing frame  17 / 50
printing frame  18 / 50
printing frame  19 / 50
printing frame  20 / 50
printing frame  21 / 50
printing frame  22 / 50
printing frame  23 / 50
printing frame  24 / 50
printing frame  25 / 50
printing frame  26 / 50
printing frame  27 / 50
printing frame  28 / 50
printing frame  29 / 50
printing frame  30 / 50
printing frame  31 / 50
printing frame  32 / 50
printing frame  33 / 50
printing frame  34 / 50
printing frame  35 / 50
printing frame  36 / 50
printing frame  37 / 50
printing frame  38 / 50
printing frame  39 / 50
printing frame  40 / 50
printing frame  41 / 50
printing frame  42 / 50
printing frame  43 / 50
printing frame  44 / 50
printing frame  45 / 50
printing frame  46 / 50
printing frame  47 / 50
printing frame  48 / 50
printing frame  49 / 50
printing frame  50 / 50
load LFP data for 20240509_Kanga_MC
printing frame  1081 / 2430
printing frame  1082 / 2430
printing frame  1083 / 2430
printing frame  1084 / 2430
printing frame  1085 / 2430
printing frame  1086 / 2430
printing frame  1087 / 2430
printing frame  1088 / 2430
printing frame  1089 / 2430
printing frame  1090 / 2430
printing frame  1091 / 2430
printing frame  1092 / 2430
printing frame  1093 / 2430
printing frame  1094 / 2430
printing frame  1095 / 2430
printing frame  1096 / 2430
printing frame  1097 / 2430
printing frame  1098 / 2430
printing frame  1099 / 2430
printing frame  1100 / 2430
printing frame  1101 / 2430
printing frame  1102 / 2430
printing frame  1103 / 2430
printing frame  1104 / 2430
printing frame  1105 / 2430
printing frame  1106 / 2430
printing frame  1107 / 2430
printing frame  1108 / 2430
printing frame  1109 / 2430
printing frame  1110 / 2430
printing frame  1111 / 2430
printing frame  1112 / 2430
printing frame  1113 / 2430
printing frame  1114 / 2430
printing frame  1115 / 2430
printing frame  1116 / 2430
printing frame  1117 / 2430
printing frame  1118 / 2430
printing frame  1119 / 2430
printing frame  1120 / 2430
printing frame  1121 / 2430
printing frame  1122 / 2430
printing frame  1123 / 2430
printing frame  1124 / 2430
printing frame  1125 / 2430
printing frame  1126 / 2430
printing frame  1127 / 2430
printing frame  1128 / 2430
printing frame  1129 / 2430
printing frame  1130 / 2430
printing frame  1131 / 2430
printing frame  1132 / 2430
printing frame  1133 / 2430
printing frame  1134 / 2430
printing frame  1135 / 2430
printing frame  1136 / 2430
printing frame  1137 / 2430
printing frame  1138 / 2430
printing frame  1139 / 2430
printing frame  1140 / 2430
printing frame  1141 / 2430
printing frame  1142 / 2430
printing frame  1143 / 2430
printing frame  1144 / 2430
printing frame  1145 / 2430
printing frame  1146 / 2430
printing frame  1147 / 2430
printing frame  1148 / 2430
printing frame  1149 / 2430
printing frame  1150 / 2430
printing frame  1151 / 2430
printing frame  1152 / 2430
printing frame  1153 / 2430
printing frame  1154 / 2430
printing frame  1155 / 2430
printing frame  1156 / 2430
printing frame  1157 / 2430
printing frame  1158 / 2430
printing frame  1159 / 2430
printing frame  1160 / 2430
printing frame  1161 / 2430
printing frame  1162 / 2430
printing frame  1163 / 2430
printing frame  1164 / 2430
printing frame  1165 / 2430
printing frame  1166 / 2430
printing frame  1167 / 2430
printing frame  1168 / 2430
printing frame  1169 / 2430
printing frame  1170 / 2430
printing frame  1171 / 2430
printing frame  1172 / 2430
printing frame  1173 / 2430
printing frame  1174 / 2430
printing frame  1175 / 2430
printing frame  1176 / 2430
printing frame  1177 / 2430
printing frame  1178 / 2430
printing frame  1179 / 2430
printing frame  1180 / 2430
printing frame  1181 / 2430
printing frame  1182 / 2430
printing frame  1183 / 2430
printing frame  1184 / 2430
printing frame  1185 / 2430
printing frame  1186 / 2430
printing frame  1187 / 2430
printing frame  1188 / 2430
printing frame  1189 / 2430
printing frame  1190 / 2430
printing frame  1191 / 2430
printing frame  1192 / 2430
printing frame  1193 / 2430
printing frame  1194 / 2430
printing frame  1195 / 2430
printing frame  1196 / 2430
printing frame  1197 / 2430
printing frame  1198 / 2430
printing frame  1199 / 2430
printing frame  1200 / 2430
printing frame  1201 / 2430
printing frame  1202 / 2430
printing frame  1203 / 2430
printing frame  1204 / 2430
printing frame  1205 / 2430
printing frame  1206 / 2430
printing frame  1207 / 2430
printing frame  1208 / 2430
printing frame  1209 / 2430
printing frame  1210 / 2430
printing frame  1211 / 2430
printing frame  1212 / 2430
printing frame  1213 / 2430
printing frame  1214 / 2430
printing frame  1215 / 2430
printing frame  1216 / 2430
printing frame  1217 / 2430
printing frame  1218 / 2430
printing frame  1219 / 2430
printing frame  1220 / 2430
printing frame  1221 / 2430
printing frame  1222 / 2430
printing frame  1223 / 2430
printing frame  1224 / 2430
printing frame  1225 / 2430
printing frame  1226 / 2430
printing frame  1227 / 2430
printing frame  1228 / 2430
printing frame  1229 / 2430
printing frame  1230 / 2430
printing frame  1231 / 2430
printing frame  1232 / 2430
printing frame  1233 / 2430
printing frame  1234 / 2430
printing frame  1235 / 2430
printing frame  1236 / 2430
printing frame  1237 / 2430
printing frame  1238 / 2430
printing frame  1239 / 2430
printing frame  1240 / 2430
printing frame  1241 / 2430
printing frame  1242 / 2430
printing frame  1243 / 2430
printing frame  1244 / 2430
printing frame  1245 / 2430
printing frame  1246 / 2430
printing frame  1247 / 2430
printing frame  1248 / 2430
printing frame  1249 / 2430
printing frame  1250 / 2430
printing frame  1251 / 2430
printing frame  1252 / 2430
printing frame  1253 / 2430
printing frame  1254 / 2430
printing frame  1255 / 2430
printing frame  1256 / 2430
printing frame  1257 / 2430
printing frame  1258 / 2430
printing frame  1259 / 2430
printing frame  1260 / 2430
printing frame  1261 / 2430
printing frame  1262 / 2430
printing frame  1263 / 2430
printing frame  1264 / 2430
printing frame  1265 / 2430
printing frame  1266 / 2430
printing frame  1267 / 2430
printing frame  1268 / 2430
printing frame  1269 / 2430
printing frame  1270 / 2430
printing frame  1271 / 2430
printing frame  1272 / 2430
printing frame  1273 / 2430
printing frame  1274 / 2430
printing frame  1275 / 2430
printing frame  1276 / 2430
printing frame  1277 / 2430
printing frame  1278 / 2430
printing frame  1279 / 2430
printing frame  1280 / 2430
printing frame  1281 / 2430
printing frame  1282 / 2430
printing frame  1283 / 2430
printing frame  1284 / 2430
printing frame  1285 / 2430
printing frame  1286 / 2430
printing frame  1287 / 2430
printing frame  1288 / 2430
printing frame  1289 / 2430
printing frame  1290 / 2430
printing frame  1291 / 2430
printing frame  1292 / 2430
printing frame  1293 / 2430
printing frame  1294 / 2430
printing frame  1295 / 2430
printing frame  1296 / 2430
printing frame  1297 / 2430
printing frame  1298 / 2430
printing frame  1299 / 2430
printing frame  1300 / 2430
printing frame  1301 / 2430
printing frame  1302 / 2430
printing frame  1303 / 2430
printing frame  1304 / 2430
printing frame  1305 / 2430
printing frame  1306 / 2430
printing frame  1307 / 2430
printing frame  1308 / 2430
printing frame  1309 / 2430
printing frame  1310 / 2430
printing frame  1311 / 2430
printing frame  1312 / 2430
printing frame  1313 / 2430
printing frame  1314 / 2430
printing frame  1315 / 2430
printing frame  1316 / 2430
printing frame  1317 / 2430
printing frame  1318 / 2430
printing frame  1319 / 2430
printing frame  1320 / 2430
printing frame  1321 / 2430
printing frame  1322 / 2430
printing frame  1323 / 2430
printing frame  1324 / 2430
printing frame  1325 / 2430
printing frame  1326 / 2430
printing frame  1327 / 2430
printing frame  1328 / 2430
printing frame  1329 / 2430
printing frame  1330 / 2430
printing frame  1331 / 2430
printing frame  1332 / 2430
printing frame  1333 / 2430
printing frame  1334 / 2430
printing frame  1335 / 2430
printing frame  1336 / 2430
printing frame  1337 / 2430
printing frame  1338 / 2430
printing frame  1339 / 2430
printing frame  1340 / 2430
printing frame  1341 / 2430
printing frame  1342 / 2430
printing frame  1343 / 2430
printing frame  1344 / 2430
printing frame  1345 / 2430
printing frame  1346 / 2430
printing frame  1347 / 2430
printing frame  1348 / 2430
printing frame  1349 / 2430
printing frame  1350 / 2430
printing frame  1351 / 2430
printing frame  1352 / 2430
printing frame  1353 / 2430
printing frame  1354 / 2430
printing frame  1355 / 2430
printing frame  1356 / 2430
printing frame  1357 / 2430
printing frame  1358 / 2430
printing frame  1359 / 2430
printing frame  1360 / 2430
printing frame  1361 / 2430
printing frame  1362 / 2430
printing frame  1363 / 2430
printing frame  1364 / 2430
printing frame  1365 / 2430
printing frame  1366 / 2430
printing frame  1367 / 2430
printing frame  1368 / 2430
printing frame  1369 / 2430
printing frame  1370 / 2430
printing frame  1371 / 2430
printing frame  1372 / 2430
printing frame  1373 / 2430
printing frame  1374 / 2430
printing frame  1375 / 2430
printing frame  1376 / 2430
printing frame  1377 / 2430
printing frame  1378 / 2430
printing frame  1379 / 2430
printing frame  1380 / 2430
printing frame  1381 / 2430
printing frame  1382 / 2430
printing frame  1383 / 2430
printing frame  1384 / 2430
printing frame  1385 / 2430
printing frame  1386 / 2430
printing frame  1387 / 2430
printing frame  1388 / 2430
printing frame  1389 / 2430
printing frame  1390 / 2430
printing frame  1391 / 2430
printing frame  1392 / 2430
printing frame  1393 / 2430
printing frame  1394 / 2430
printing frame  1395 / 2430
printing frame  1396 / 2430
printing frame  1397 / 2430
printing frame  1398 / 2430
printing frame  1399 / 2430
printing frame  1400 / 2430
printing frame  1401 / 2430
printing frame  1402 / 2430
printing frame  1403 / 2430
printing frame  1404 / 2430
printing frame  1405 / 2430
printing frame  1406 / 2430
printing frame  1407 / 2430
printing frame  1408 / 2430
printing frame  1409 / 2430
printing frame  1410 / 2430
printing frame  1411 / 2430
printing frame  1412 / 2430
printing frame  1413 / 2430
printing frame  1414 / 2430
printing frame  1415 / 2430
printing frame  1416 / 2430
printing frame  1417 / 2430
printing frame  1418 / 2430
printing frame  1419 / 2430
printing frame  1420 / 2430
printing frame  1421 / 2430
printing frame  1422 / 2430
printing frame  1423 / 2430
printing frame  1424 / 2430
printing frame  1425 / 2430
printing frame  1426 / 2430
printing frame  1427 / 2430
printing frame  1428 / 2430
printing frame  1429 / 2430
printing frame  1430 / 2430
printing frame  1431 / 2430
printing frame  1432 / 2430
printing frame  1433 / 2430
printing frame  1434 / 2430
printing frame  1435 / 2430
printing frame  1436 / 2430
printing frame  1437 / 2430
printing frame  1438 / 2430
printing frame  1439 / 2430
printing frame  1440 / 2430
printing frame  1441 / 2430
printing frame  1442 / 2430
printing frame  1443 / 2430
printing frame  1444 / 2430
printing frame  1445 / 2430
printing frame  1446 / 2430
printing frame  1447 / 2430
printing frame  1448 / 2430
printing frame  1449 / 2430
printing frame  1450 / 2430
printing frame  1451 / 2430
printing frame  1452 / 2430
printing frame  1453 / 2430
printing frame  1454 / 2430
printing frame  1455 / 2430
printing frame  1456 / 2430
printing frame  1457 / 2430
printing frame  1458 / 2430
printing frame  1459 / 2430
printing frame  1460 / 2430
printing frame  1461 / 2430
printing frame  1462 / 2430
printing frame  1463 / 2430
printing frame  1464 / 2430
printing frame  1465 / 2430
printing frame  1466 / 2430
printing frame  1467 / 2430
printing frame  1468 / 2430
printing frame  1469 / 2430
printing frame  1470 / 2430
printing frame  1471 / 2430
printing frame  1472 / 2430
printing frame  1473 / 2430
printing frame  1474 / 2430
printing frame  1475 / 2430
printing frame  1476 / 2430
printing frame  1477 / 2430
printing frame  1478 / 2430
printing frame  1479 / 2430
printing frame  1480 / 2430
printing frame  1481 / 2430
printing frame  1482 / 2430
printing frame  1483 / 2430
printing frame  1484 / 2430
printing frame  1485 / 2430
printing frame  1486 / 2430
printing frame  1487 / 2430
printing frame  1488 / 2430
printing frame  1489 / 2430
printing frame  1490 / 2430
printing frame  1491 / 2430
printing frame  1492 / 2430
printing frame  1493 / 2430
printing frame  1494 / 2430
printing frame  1495 / 2430
printing frame  1496 / 2430
printing frame  1497 / 2430
printing frame  1498 / 2430
printing frame  1499 / 2430
printing frame  1500 / 2430
printing frame  1501 / 2430
printing frame  1502 / 2430
printing frame  1503 / 2430
printing frame  1504 / 2430
printing frame  1505 / 2430
printing frame  1506 / 2430
printing frame  1507 / 2430
printing frame  1508 / 2430
printing frame  1509 / 2430
printing frame  1510 / 2430
printing frame  1511 / 2430
printing frame  1512 / 2430
printing frame  1513 / 2430
printing frame  1514 / 2430
printing frame  1515 / 2430
printing frame  1516 / 2430
printing frame  1517 / 2430
printing frame  1518 / 2430
printing frame  1519 / 2430
printing frame  1520 / 2430
printing frame  1521 / 2430
printing frame  1522 / 2430
printing frame  1523 / 2430
printing frame  1524 / 2430
printing frame  1525 / 2430
printing frame  1526 / 2430
printing frame  1527 / 2430
printing frame  1528 / 2430
printing frame  1529 / 2430
printing frame  1530 / 2430
printing frame  1531 / 2430
printing frame  1532 / 2430
printing frame  1533 / 2430
printing frame  1534 / 2430
printing frame  1535 / 2430
printing frame  1536 / 2430
printing frame  1537 / 2430
printing frame  1538 / 2430
printing frame  1539 / 2430
printing frame  1540 / 2430
printing frame  1541 / 2430
printing frame  1542 / 2430
printing frame  1543 / 2430
printing frame  1544 / 2430
printing frame  1545 / 2430
printing frame  1546 / 2430
printing frame  1547 / 2430
printing frame  1548 / 2430
printing frame  1549 / 2430
printing frame  1550 / 2430
printing frame  1551 / 2430
printing frame  1552 / 2430
printing frame  1553 / 2430
printing frame  1554 / 2430
printing frame  1555 / 2430
printing frame  1556 / 2430
printing frame  1557 / 2430
printing frame  1558 / 2430
printing frame  1559 / 2430
printing frame  1560 / 2430
printing frame  1561 / 2430
printing frame  1562 / 2430
printing frame  1563 / 2430
printing frame  1564 / 2430
printing frame  1565 / 2430
printing frame  1566 / 2430
printing frame  1567 / 2430
printing frame  1568 / 2430
printing frame  1569 / 2430
printing frame  1570 / 2430
printing frame  1571 / 2430
printing frame  1572 / 2430
printing frame  1573 / 2430
printing frame  1574 / 2430
printing frame  1575 / 2430
printing frame  1576 / 2430
printing frame  1577 / 2430
printing frame  1578 / 2430
printing frame  1579 / 2430
printing frame  1580 / 2430
printing frame  1581 / 2430
printing frame  1582 / 2430
printing frame  1583 / 2430
printing frame  1584 / 2430
printing frame  1585 / 2430
printing frame  1586 / 2430
printing frame  1587 / 2430
printing frame  1588 / 2430
printing frame  1589 / 2430
printing frame  1590 / 2430
printing frame  1591 / 2430
printing frame  1592 / 2430
printing frame  1593 / 2430
printing frame  1594 / 2430
printing frame  1595 / 2430
printing frame  1596 / 2430
printing frame  1597 / 2430
printing frame  1598 / 2430
printing frame  1599 / 2430
printing frame  1600 / 2430
printing frame  1601 / 2430
printing frame  1602 / 2430
printing frame  1603 / 2430
printing frame  1604 / 2430
printing frame  1605 / 2430
printing frame  1606 / 2430
printing frame  1607 / 2430
printing frame  1608 / 2430
printing frame  1609 / 2430
printing frame  1610 / 2430
printing frame  1611 / 2430
printing frame  1612 / 2430
printing frame  1613 / 2430
printing frame  1614 / 2430
printing frame  1615 / 2430
printing frame  1616 / 2430
printing frame  1617 / 2430
printing frame  1618 / 2430
printing frame  1619 / 2430
printing frame  1620 / 2430
printing frame  1621 / 2430
printing frame  1622 / 2430
printing frame  1623 / 2430
printing frame  1624 / 2430
printing frame  1625 / 2430
printing frame  1626 / 2430
printing frame  1627 / 2430
printing frame  1628 / 2430
printing frame  1629 / 2430
printing frame  1630 / 2430
printing frame  1631 / 2430
printing frame  1632 / 2430
printing frame  1633 / 2430
printing frame  1634 / 2430
printing frame  1635 / 2430
printing frame  1636 / 2430
printing frame  1637 / 2430
printing frame  1638 / 2430
printing frame  1639 / 2430
printing frame  1640 / 2430
printing frame  1641 / 2430
printing frame  1642 / 2430
printing frame  1643 / 2430
printing frame  1644 / 2430
printing frame  1645 / 2430
printing frame  1646 / 2430
printing frame  1647 / 2430
printing frame  1648 / 2430
printing frame  1649 / 2430
printing frame  1650 / 2430
printing frame  1651 / 2430
printing frame  1652 / 2430
printing frame  1653 / 2430
printing frame  1654 / 2430
printing frame  1655 / 2430
printing frame  1656 / 2430
printing frame  1657 / 2430
printing frame  1658 / 2430
printing frame  1659 / 2430
printing frame  1660 / 2430
printing frame  1661 / 2430
printing frame  1662 / 2430
printing frame  1663 / 2430
printing frame  1664 / 2430
printing frame  1665 / 2430
printing frame  1666 / 2430
printing frame  1667 / 2430
printing frame  1668 / 2430
printing frame  1669 / 2430
printing frame  1670 / 2430
printing frame  1671 / 2430
printing frame  1672 / 2430
printing frame  1673 / 2430
printing frame  1674 / 2430
printing frame  1675 / 2430
printing frame  1676 / 2430
printing frame  1677 / 2430
printing frame  1678 / 2430
printing frame  1679 / 2430
printing frame  1680 / 2430
printing frame  1681 / 2430
printing frame  1682 / 2430
printing frame  1683 / 2430
printing frame  1684 / 2430
printing frame  1685 / 2430
printing frame  1686 / 2430
printing frame  1687 / 2430
printing frame  1688 / 2430
printing frame  1689 / 2430
printing frame  1690 / 2430
printing frame  1691 / 2430
printing frame  1692 / 2430
printing frame  1693 / 2430
printing frame  1694 / 2430
printing frame  1695 / 2430
printing frame  1696 / 2430
printing frame  1697 / 2430
printing frame  1698 / 2430
printing frame  1699 / 2430
printing frame  1700 / 2430
printing frame  1701 / 2430
printing frame  1702 / 2430
printing frame  1703 / 2430
printing frame  1704 / 2430
printing frame  1705 / 2430
printing frame  1706 / 2430
printing frame  1707 / 2430
printing frame  1708 / 2430
printing frame  1709 / 2430
printing frame  1710 / 2430
printing frame  1711 / 2430
printing frame  1712 / 2430
printing frame  1713 / 2430
printing frame  1714 / 2430
printing frame  1715 / 2430
printing frame  1716 / 2430
printing frame  1717 / 2430
printing frame  1718 / 2430
printing frame  1719 / 2430
printing frame  1720 / 2430
printing frame  1721 / 2430
printing frame  1722 / 2430
printing frame  1723 / 2430
printing frame  1724 / 2430
printing frame  1725 / 2430
printing frame  1726 / 2430
printing frame  1727 / 2430
printing frame  1728 / 2430
printing frame  1729 / 2430
printing frame  1730 / 2430
printing frame  1731 / 2430
printing frame  1732 / 2430
printing frame  1733 / 2430
printing frame  1734 / 2430
printing frame  1735 / 2430
printing frame  1736 / 2430
printing frame  1737 / 2430
printing frame  1738 / 2430
printing frame  1739 / 2430
printing frame  1740 / 2430
printing frame  1741 / 2430
printing frame  1742 / 2430
printing frame  1743 / 2430
printing frame  1744 / 2430
printing frame  1745 / 2430
printing frame  1746 / 2430
printing frame  1747 / 2430
printing frame  1748 / 2430
printing frame  1749 / 2430
printing frame  1750 / 2430
printing frame  1751 / 2430
printing frame  1752 / 2430
printing frame  1753 / 2430
printing frame  1754 / 2430
printing frame  1755 / 2430
printing frame  1756 / 2430
printing frame  1757 / 2430
printing frame  1758 / 2430
printing frame  1759 / 2430
printing frame  1760 / 2430
printing frame  1761 / 2430
printing frame  1762 / 2430
printing frame  1763 / 2430
printing frame  1764 / 2430
printing frame  1765 / 2430
printing frame  1766 / 2430
printing frame  1767 / 2430
printing frame  1768 / 2430
printing frame  1769 / 2430
printing frame  1770 / 2430
printing frame  1771 / 2430
printing frame  1772 / 2430
printing frame  1773 / 2430
printing frame  1774 / 2430
printing frame  1775 / 2430
printing frame  1776 / 2430
printing frame  1777 / 2430
printing frame  1778 / 2430
printing frame  1779 / 2430
printing frame  1780 / 2430
printing frame  1781 / 2430
printing frame  1782 / 2430
printing frame  1783 / 2430
printing frame  1784 / 2430
printing frame  1785 / 2430
printing frame  1786 / 2430
printing frame  1787 / 2430
printing frame  1788 / 2430
printing frame  1789 / 2430
printing frame  1790 / 2430
printing frame  1791 / 2430
printing frame  1792 / 2430
printing frame  1793 / 2430
printing frame  1794 / 2430
printing frame  1795 / 2430
printing frame  1796 / 2430
printing frame  1797 / 2430
printing frame  1798 / 2430
printing frame  1799 / 2430
printing frame  1800 / 2430
printing frame  1801 / 2430
printing frame  1802 / 2430
printing frame  1803 / 2430
printing frame  1804 / 2430
printing frame  1805 / 2430
printing frame  1806 / 2430
printing frame  1807 / 2430
printing frame  1808 / 2430
printing frame  1809 / 2430
printing frame  1810 / 2430
printing frame  1811 / 2430
printing frame  1812 / 2430
printing frame  1813 / 2430
printing frame  1814 / 2430
printing frame  1815 / 2430
printing frame  1816 / 2430
printing frame  1817 / 2430
printing frame  1818 / 2430
printing frame  1819 / 2430
printing frame  1820 / 2430
printing frame  1821 / 2430
printing frame  1822 / 2430
printing frame  1823 / 2430
printing frame  1824 / 2430
printing frame  1825 / 2430
printing frame  1826 / 2430
printing frame  1827 / 2430
printing frame  1828 / 2430
printing frame  1829 / 2430
printing frame  1830 / 2430
printing frame  1831 / 2430
printing frame  1832 / 2430
printing frame  1833 / 2430
printing frame  1834 / 2430
printing frame  1835 / 2430
printing frame  1836 / 2430
printing frame  1837 / 2430
printing frame  1838 / 2430
printing frame  1839 / 2430
printing frame  1840 / 2430
printing frame  1841 / 2430
printing frame  1842 / 2430
printing frame  1843 / 2430
printing frame  1844 / 2430
printing frame  1845 / 2430
printing frame  1846 / 2430
printing frame  1847 / 2430
printing frame  1848 / 2430
printing frame  1849 / 2430
printing frame  1850 / 2430
printing frame  1851 / 2430
printing frame  1852 / 2430
printing frame  1853 / 2430
printing frame  1854 / 2430
printing frame  1855 / 2430
printing frame  1856 / 2430
printing frame  1857 / 2430
printing frame  1858 / 2430
printing frame  1859 / 2430
printing frame  1860 / 2430
printing frame  1861 / 2430
printing frame  1862 / 2430
printing frame  1863 / 2430
printing frame  1864 / 2430
printing frame  1865 / 2430
printing frame  1866 / 2430
printing frame  1867 / 2430
printing frame  1868 / 2430
printing frame  1869 / 2430
printing frame  1870 / 2430
printing frame  1871 / 2430
printing frame  1872 / 2430
printing frame  1873 / 2430
printing frame  1874 / 2430
printing frame  1875 / 2430
printing frame  1876 / 2430
printing frame  1877 / 2430
printing frame  1878 / 2430
printing frame  1879 / 2430
printing frame  1880 / 2430
printing frame  1881 / 2430
printing frame  1882 / 2430
printing frame  1883 / 2430
printing frame  1884 / 2430
printing frame  1885 / 2430
printing frame  1886 / 2430
printing frame  1887 / 2430
printing frame  1888 / 2430
printing frame  1889 / 2430
printing frame  1890 / 2430
printing frame  1891 / 2430
printing frame  1892 / 2430
printing frame  1893 / 2430
printing frame  1894 / 2430
printing frame  1895 / 2430
printing frame  1896 / 2430
printing frame  1897 / 2430
printing frame  1898 / 2430
printing frame  1899 / 2430
printing frame  1900 / 2430
printing frame  1901 / 2430
printing frame  1902 / 2430
printing frame  1903 / 2430
printing frame  1904 / 2430
printing frame  1905 / 2430
printing frame  1906 / 2430
printing frame  1907 / 2430
printing frame  1908 / 2430
printing frame  1909 / 2430
printing frame  1910 / 2430
printing frame  1911 / 2430
printing frame  1912 / 2430
printing frame  1913 / 2430
printing frame  1914 / 2430
printing frame  1915 / 2430
printing frame  1916 / 2430
printing frame  1917 / 2430
printing frame  1918 / 2430
printing frame  1919 / 2430
printing frame  1920 / 2430
printing frame  1921 / 2430
printing frame  1922 / 2430
printing frame  1923 / 2430
printing frame  1924 / 2430
printing frame  1925 / 2430
printing frame  1926 / 2430
printing frame  1927 / 2430
printing frame  1928 / 2430
printing frame  1929 / 2430
printing frame  1930 / 2430
printing frame  1931 / 2430
printing frame  1932 / 2430
printing frame  1933 / 2430
printing frame  1934 / 2430
printing frame  1935 / 2430
printing frame  1936 / 2430
printing frame  1937 / 2430
printing frame  1938 / 2430
printing frame  1939 / 2430
printing frame  1940 / 2430
printing frame  1941 / 2430
printing frame  1942 / 2430
printing frame  1943 / 2430
printing frame  1944 / 2430
printing frame  1945 / 2430
printing frame  1946 / 2430
printing frame  1947 / 2430
printing frame  1948 / 2430
printing frame  1949 / 2430
printing frame  1950 / 2430
printing frame  1951 / 2430
printing frame  1952 / 2430
printing frame  1953 / 2430
printing frame  1954 / 2430
printing frame  1955 / 2430
printing frame  1956 / 2430
printing frame  1957 / 2430
printing frame  1958 / 2430
printing frame  1959 / 2430
printing frame  1960 / 2430
printing frame  1961 / 2430
printing frame  1962 / 2430
printing frame  1963 / 2430
printing frame  1964 / 2430
printing frame  1965 / 2430
printing frame  1966 / 2430
printing frame  1967 / 2430
printing frame  1968 / 2430
printing frame  1969 / 2430
printing frame  1970 / 2430
printing frame  1971 / 2430
printing frame  1972 / 2430
printing frame  1973 / 2430
printing frame  1974 / 2430
printing frame  1975 / 2430
printing frame  1976 / 2430
printing frame  1977 / 2430
printing frame  1978 / 2430
printing frame  1979 / 2430
printing frame  1980 / 2430
printing frame  1981 / 2430
printing frame  1982 / 2430
printing frame  1983 / 2430
printing frame  1984 / 2430
printing frame  1985 / 2430
printing frame  1986 / 2430
printing frame  1987 / 2430
printing frame  1988 / 2430
printing frame  1989 / 2430
printing frame  1990 / 2430
printing frame  1991 / 2430
printing frame  1992 / 2430
printing frame  1993 / 2430
printing frame  1994 / 2430
printing frame  1995 / 2430
printing frame  1996 / 2430
printing frame  1997 / 2430
printing frame  1998 / 2430
printing frame  1999 / 2430
printing frame  2000 / 2430
printing frame  2001 / 2430
printing frame  2002 / 2430
printing frame  2003 / 2430
printing frame  2004 / 2430
printing frame  2005 / 2430
printing frame  2006 / 2430
printing frame  2007 / 2430
printing frame  2008 / 2430
printing frame  2009 / 2430
printing frame  2010 / 2430
printing frame  2011 / 2430
printing frame  2012 / 2430
printing frame  2013 / 2430
printing frame  2014 / 2430
printing frame  2015 / 2430
printing frame  2016 / 2430
printing frame  2017 / 2430
printing frame  2018 / 2430
printing frame  2019 / 2430
printing frame  2020 / 2430
printing frame  2021 / 2430
printing frame  2022 / 2430
printing frame  2023 / 2430
printing frame  2024 / 2430
printing frame  2025 / 2430
printing frame  2026 / 2430
printing frame  2027 / 2430
printing frame  2028 / 2430
printing frame  2029 / 2430
printing frame  2030 / 2430
printing frame  2031 / 2430
printing frame  2032 / 2430
printing frame  2033 / 2430
printing frame  2034 / 2430
printing frame  2035 / 2430
printing frame  2036 / 2430
printing frame  2037 / 2430
printing frame  2038 / 2430
printing frame  2039 / 2430
printing frame  2040 / 2430
printing frame  2041 / 2430
printing frame  2042 / 2430
printing frame  2043 / 2430
printing frame  2044 / 2430
printing frame  2045 / 2430
printing frame  2046 / 2430
printing frame  2047 / 2430
printing frame  2048 / 2430
printing frame  2049 / 2430
printing frame  2050 / 2430
printing frame  2051 / 2430
printing frame  2052 / 2430
printing frame  2053 / 2430
printing frame  2054 / 2430
printing frame  2055 / 2430
printing frame  2056 / 2430
printing frame  2057 / 2430
printing frame  2058 / 2430
printing frame  2059 / 2430
printing frame  2060 / 2430
printing frame  2061 / 2430
printing frame  2062 / 2430
printing frame  2063 / 2430
printing frame  2064 / 2430
printing frame  2065 / 2430
printing frame  2066 / 2430
printing frame  2067 / 2430
printing frame  2068 / 2430
printing frame  2069 / 2430
printing frame  2070 / 2430
printing frame  2071 / 2430
printing frame  2072 / 2430
printing frame  2073 / 2430
printing frame  2074 / 2430
printing frame  2075 / 2430
printing frame  2076 / 2430
printing frame  2077 / 2430
printing frame  2078 / 2430
printing frame  2079 / 2430
printing frame  2080 / 2430
printing frame  2081 / 2430
printing frame  2082 / 2430
printing frame  2083 / 2430
printing frame  2084 / 2430
printing frame  2085 / 2430
printing frame  2086 / 2430
printing frame  2087 / 2430
printing frame  2088 / 2430
printing frame  2089 / 2430
printing frame  2090 / 2430
printing frame  2091 / 2430
printing frame  2092 / 2430
printing frame  2093 / 2430
printing frame  2094 / 2430
printing frame  2095 / 2430
printing frame  2096 / 2430
printing frame  2097 / 2430
printing frame  2098 / 2430
printing frame  2099 / 2430
printing frame  2100 / 2430
printing frame  2101 / 2430
printing frame  2102 / 2430
printing frame  2103 / 2430
printing frame  2104 / 2430
printing frame  2105 / 2430
printing frame  2106 / 2430
printing frame  2107 / 2430
printing frame  2108 / 2430
printing frame  2109 / 2430
printing frame  2110 / 2430
printing frame  2111 / 2430
printing frame  2112 / 2430
printing frame  2113 / 2430
printing frame  2114 / 2430
printing frame  2115 / 2430
printing frame  2116 / 2430
printing frame  2117 / 2430
printing frame  2118 / 2430
printing frame  2119 / 2430
printing frame  2120 / 2430
printing frame  2121 / 2430
printing frame  2122 / 2430
printing frame  2123 / 2430
printing frame  2124 / 2430
printing frame  2125 / 2430
printing frame  2126 / 2430
printing frame  2127 / 2430
printing frame  2128 / 2430
printing frame  2129 / 2430
printing frame  2130 / 2430
printing frame  2131 / 2430
printing frame  2132 / 2430
printing frame  2133 / 2430
printing frame  2134 / 2430
printing frame  2135 / 2430
printing frame  2136 / 2430
printing frame  2137 / 2430
printing frame  2138 / 2430
printing frame  2139 / 2430
printing frame  2140 / 2430
printing frame  2141 / 2430
printing frame  2142 / 2430
printing frame  2143 / 2430
printing frame  2144 / 2430
printing frame  2145 / 2430
printing frame  2146 / 2430
printing frame  2147 / 2430
printing frame  2148 / 2430
printing frame  2149 / 2430
printing frame  2150 / 2430
printing frame  2151 / 2430
printing frame  2152 / 2430
printing frame  2153 / 2430
printing frame  2154 / 2430
printing frame  2155 / 2430
printing frame  2156 / 2430
printing frame  2157 / 2430
printing frame  2158 / 2430
printing frame  2159 / 2430
printing frame  2160 / 2430
printing frame  2161 / 2430
printing frame  2162 / 2430
printing frame  2163 / 2430
printing frame  2164 / 2430
printing frame  2165 / 2430
printing frame  2166 / 2430
printing frame  2167 / 2430
printing frame  2168 / 2430
printing frame  2169 / 2430
printing frame  2170 / 2430
printing frame  2171 / 2430
printing frame  2172 / 2430
printing frame  2173 / 2430
printing frame  2174 / 2430
printing frame  2175 / 2430
printing frame  2176 / 2430
printing frame  2177 / 2430
printing frame  2178 / 2430
printing frame  2179 / 2430
printing frame  2180 / 2430
printing frame  2181 / 2430
printing frame  2182 / 2430
printing frame  2183 / 2430
printing frame  2184 / 2430
printing frame  2185 / 2430
printing frame  2186 / 2430
printing frame  2187 / 2430
printing frame  2188 / 2430
printing frame  2189 / 2430
printing frame  2190 / 2430
printing frame  2191 / 2430
printing frame  2192 / 2430
printing frame  2193 / 2430
printing frame  2194 / 2430
printing frame  2195 / 2430
printing frame  2196 / 2430
printing frame  2197 / 2430
printing frame  2198 / 2430
printing frame  2199 / 2430
printing frame  2200 / 2430
printing frame  2201 / 2430
printing frame  2202 / 2430
printing frame  2203 / 2430
printing frame  2204 / 2430
printing frame  2205 / 2430
printing frame  2206 / 2430
printing frame  2207 / 2430
printing frame  2208 / 2430
printing frame  2209 / 2430
printing frame  2210 / 2430
printing frame  2211 / 2430
printing frame  2212 / 2430
printing frame  2213 / 2430
printing frame  2214 / 2430
printing frame  2215 / 2430
printing frame  2216 / 2430
printing frame  2217 / 2430
printing frame  2218 / 2430
printing frame  2219 / 2430
printing frame  2220 / 2430
printing frame  2221 / 2430
printing frame  2222 / 2430
printing frame  2223 / 2430
printing frame  2224 / 2430
printing frame  2225 / 2430
printing frame  2226 / 2430
printing frame  2227 / 2430
printing frame  2228 / 2430
printing frame  2229 / 2430
printing frame  2230 / 2430
printing frame  2231 / 2430
printing frame  2232 / 2430
printing frame  2233 / 2430
printing frame  2234 / 2430
printing frame  2235 / 2430
printing frame  2236 / 2430
printing frame  2237 / 2430
printing frame  2238 / 2430
printing frame  2239 / 2430
printing frame  2240 / 2430
printing frame  2241 / 2430
printing frame  2242 / 2430
printing frame  2243 / 2430
printing frame  2244 / 2430
printing frame  2245 / 2430
printing frame  2246 / 2430
printing frame  2247 / 2430
printing frame  2248 / 2430
printing frame  2249 / 2430
printing frame  2250 / 2430
printing frame  2251 / 2430
printing frame  2252 / 2430
printing frame  2253 / 2430
printing frame  2254 / 2430
printing frame  2255 / 2430
printing frame  2256 / 2430
printing frame  2257 / 2430
printing frame  2258 / 2430
printing frame  2259 / 2430
printing frame  2260 / 2430
printing frame  2261 / 2430
printing frame  2262 / 2430
printing frame  2263 / 2430
printing frame  2264 / 2430
printing frame  2265 / 2430
printing frame  2266 / 2430
printing frame  2267 / 2430
printing frame  2268 / 2430
printing frame  2269 / 2430
printing frame  2270 / 2430
printing frame  2271 / 2430
printing frame  2272 / 2430
printing frame  2273 / 2430
printing frame  2274 / 2430
printing frame  2275 / 2430
printing frame  2276 / 2430
printing frame  2277 / 2430
printing frame  2278 / 2430
printing frame  2279 / 2430
printing frame  2280 / 2430
printing frame  2281 / 2430
printing frame  2282 / 2430
printing frame  2283 / 2430
printing frame  2284 / 2430
printing frame  2285 / 2430
printing frame  2286 / 2430
printing frame  2287 / 2430
printing frame  2288 / 2430
printing frame  2289 / 2430
printing frame  2290 / 2430
printing frame  2291 / 2430
printing frame  2292 / 2430
printing frame  2293 / 2430
printing frame  2294 / 2430
printing frame  2295 / 2430
printing frame  2296 / 2430
printing frame  2297 / 2430
printing frame  2298 / 2430
printing frame  2299 / 2430
printing frame  2300 / 2430
printing frame  2301 / 2430
printing frame  2302 / 2430
printing frame  2303 / 2430
printing frame  2304 / 2430
printing frame  2305 / 2430
printing frame  2306 / 2430
printing frame  2307 / 2430
printing frame  2308 / 2430
printing frame  2309 / 2430
printing frame  2310 / 2430
printing frame  2311 / 2430
printing frame  2312 / 2430
printing frame  2313 / 2430
printing frame  2314 / 2430
printing frame  2315 / 2430
printing frame  2316 / 2430
printing frame  2317 / 2430
printing frame  2318 / 2430
printing frame  2319 / 2430
printing frame  2320 / 2430
printing frame  2321 / 2430
printing frame  2322 / 2430
printing frame  2323 / 2430
printing frame  2324 / 2430
printing frame  2325 / 2430
printing frame  2326 / 2430
printing frame  2327 / 2430
printing frame  2328 / 2430
printing frame  2329 / 2430
printing frame  2330 / 2430
printing frame  2331 / 2430
printing frame  2332 / 2430
printing frame  2333 / 2430
printing frame  2334 / 2430
printing frame  2335 / 2430
printing frame  2336 / 2430
printing frame  2337 / 2430
printing frame  2338 / 2430
printing frame  2339 / 2430
printing frame  2340 / 2430
printing frame  2341 / 2430
printing frame  2342 / 2430
printing frame  2343 / 2430
printing frame  2344 / 2430
printing frame  2345 / 2430
printing frame  2346 / 2430
printing frame  2347 / 2430
printing frame  2348 / 2430
printing frame  2349 / 2430
printing frame  2350 / 2430
printing frame  2351 / 2430
printing frame  2352 / 2430
printing frame  2353 / 2430
printing frame  2354 / 2430
printing frame  2355 / 2430
printing frame  2356 / 2430
printing frame  2357 / 2430
printing frame  2358 / 2430
printing frame  2359 / 2430
printing frame  2360 / 2430
printing frame  2361 / 2430
printing frame  2362 / 2430
printing frame  2363 / 2430
printing frame  2364 / 2430
printing frame  2365 / 2430
printing frame  2366 / 2430
printing frame  2367 / 2430
printing frame  2368 / 2430
printing frame  2369 / 2430
printing frame  2370 / 2430
printing frame  2371 / 2430
printing frame  2372 / 2430
printing frame  2373 / 2430
printing frame  2374 / 2430
printing frame  2375 / 2430
printing frame  2376 / 2430
printing frame  2377 / 2430
printing frame  2378 / 2430
printing frame  2379 / 2430
printing frame  2380 / 2430
printing frame  2381 / 2430
printing frame  2382 / 2430
printing frame  2383 / 2430
printing frame  2384 / 2430
printing frame  2385 / 2430
printing frame  2386 / 2430
printing frame  2387 / 2430
printing frame  2388 / 2430
printing frame  2389 / 2430
printing frame  2390 / 2430
printing frame  2391 / 2430
printing frame  2392 / 2430
printing frame  2393 / 2430
printing frame  2394 / 2430
printing frame  2395 / 2430
printing frame  2396 / 2430
printing frame  2397 / 2430
printing frame  2398 / 2430
printing frame  2399 / 2430
printing frame  2400 / 2430
printing frame  2401 / 2430
printing frame  2402 / 2430
printing frame  2403 / 2430
printing frame  2404 / 2430
printing frame  2405 / 2430
printing frame  2406 / 2430
printing frame  2407 / 2430
printing frame  2408 / 2430
printing frame  2409 / 2430
printing frame  2410 / 2430
printing frame  2411 / 2430
printing frame  2412 / 2430
printing frame  2413 / 2430
printing frame  2414 / 2430
printing frame  2415 / 2430
printing frame  2416 / 2430
printing frame  2417 / 2430
printing frame  2418 / 2430
printing frame  2419 / 2430
printing frame  2420 / 2430
printing frame  2421 / 2430
printing frame  2422 / 2430
printing frame  2423 / 2430
printing frame  2424 / 2430
printing frame  2425 / 2430
printing frame  2426 / 2430
printing frame  2427 / 2430
printing frame  2428 / 2430
printing frame  2429 / 2430
printing frame  2430 / 2430
Traceback (most recent call last):
  File "basic_neural_analysis_allsessions_basicEvents_PCA_makeBhvNeuronVideos.py", line 946, in <module>
    st.zscore(FR_allch['1'])
KeyError: '1'
