The following modules were not unloaded:
  (Use "module --force purge" to unload all):

  1) StdEnv
/gpfs/radev/home/ws523/marmoset_tracking_DLCv2/following_up_analysis/3d_recontruction_analysis_self_and_coop_task_neural_analysis/ana_functions/body_part_locs_singlecam.py:111: RuntimeWarning: Mean of empty slice
  mass_loc_a1 = np.nanmean(np.vstack((lefteye_loc_a1,righteye_loc_a1,lefteye_loc_a1,righteye_loc_a1,whiblz_loc_a1,mouth_loc_a1)),axis=0)
/gpfs/radev/home/ws523/marmoset_tracking_DLCv2/following_up_analysis/3d_recontruction_analysis_self_and_coop_task_neural_analysis/ana_functions/body_part_locs_singlecam.py:123: RuntimeWarning: Mean of empty slice
  mass_loc_a2 = np.nanmean(np.vstack((lefteye_loc_a2,righteye_loc_a2,lefteye_loc_a2,righteye_loc_a2,whiblz_loc_a2,mouth_loc_a2)),axis=0)
analyze all dates
load social gaze with camera-2 only of 20240531
load spike data for 20240531_Dodson_MC
plot event aligned firing rate
plot strategy aligned firing rate
plot spike triggered bhv variables
load social gaze with camera-2 only of 20240603_MC
load spike data for 20240603_Dodson_MC_and_SR
plot event aligned firing rate
plot strategy aligned firing rate
plot spike triggered bhv variables
load social gaze with camera-2 only of 20240603_SR
load spike data for 20240603_Dodson_MC_and_SR
plot event aligned firing rate
plot strategy aligned firing rate
plot spike triggered bhv variables
load social gaze with camera-2 only of 20240604
load spike data for 20240604_Dodson_MC
plot event aligned firing rate
plot strategy aligned firing rate
plot spike triggered bhv variables
load social gaze with camera-2 only of 20240605_MC
load spike data for 20240605_Dodson_MC_and_SR
plot event aligned firing rate
plot strategy aligned firing rate
plot spike triggered bhv variables
load social gaze with camera-2 only of 20240605_SR
load spike data for 20240605_Dodson_MC_and_SR
plot event aligned firing rate
plot strategy aligned firing rate
plot spike triggered bhv variables
load social gaze with camera-2 only of 20240606_MC
load spike data for 20240606_Dodson_MC_and_SR
plot event aligned firing rate
plot strategy aligned firing rate
plot spike triggered bhv variables
load social gaze with camera-2 only of 20240606_SR
load spike data for 20240606_Dodson_MC_and_SR
plot event aligned firing rate
plot strategy aligned firing rate
plot spike triggered bhv variables
load social gaze with camera-2 only of 20240607
load spike data for 20240607_Dodson_SR
plot event aligned firing rate
plot strategy aligned firing rate
plot spike triggered bhv variables
load social gaze with camera-2 only of 20240610_MC
load spike data for 20240610_Dodson_MC
plot event aligned firing rate
plot strategy aligned firing rate
plot spike triggered bhv variables
load social gaze with camera-2 only of 20240611
load spike data for 20240611_Dodson_SR
plot event aligned firing rate
plot strategy aligned firing rate
plot spike triggered bhv variables
load social gaze with camera-2 only of 20240612
load spike data for 20240612_Dodson_MC
plot event aligned firing rate
plot strategy aligned firing rate
plot spike triggered bhv variables
load social gaze with camera-2 only of 20240613
load spike data for 20240613_Dodson_SR
plot event aligned firing rate
plot strategy aligned firing rate
plot spike triggered bhv variables
load social gaze with camera-2 only of 20240620
load spike data for 20240620_Dodson_SR
plot event aligned firing rate
plot strategy aligned firing rate
plot spike triggered bhv variables
load social gaze with camera-2 only of 20240719
load spike data for 20240719_Dodson_MC
plot event aligned firing rate
plot strategy aligned firing rate
plot spike triggered bhv variables
load social gaze with camera-2 only of 20250129
load spike data for 20250129_Dodson_MC
plot event aligned firing rate
plot strategy aligned firing rate
plot spike triggered bhv variables
load social gaze with camera-2 only of 20250130
load spike data for 20250130_Dodson_SR
plot event aligned firing rate
plot strategy aligned firing rate
plot spike triggered bhv variables
load social gaze with camera-2 only of 20250131
load spike data for 20250131_Dodson_MC
plot event aligned firing rate
plot strategy aligned firing rate
plot spike triggered bhv variables
load social gaze with camera-2 only of 20250210
load spike data for 20250210_Dodson_SR_withKoala
plot event aligned firing rate
plot strategy aligned firing rate
plot spike triggered bhv variables
load social gaze with camera-2 only of 20250211
load spike data for 20250211_Dodson_MC_withKoala
plot event aligned firing rate
plot strategy aligned firing rate
plot spike triggered bhv variables
load social gaze with camera-2 only of 20250212
load spike data for 20250212_Dodson_SR_withKoala
plot event aligned firing rate
plot strategy aligned firing rate
plot spike triggered bhv variables
load social gaze with camera-2 only of 20250214
load spike data for 20250214_Dodson_MC_withKoala
plot event aligned firing rate
plot strategy aligned firing rate
plot spike triggered bhv variables
load social gaze with camera-2 only of 20250217
load spike data for 20250217_Dodson_SR_withKoala
plot event aligned firing rate
plot strategy aligned firing rate
plot spike triggered bhv variables
load social gaze with camera-2 only of 20250218
load spike data for 20250218_Dodson_MC_withKoala
plot event aligned firing rate
plot strategy aligned firing rate
plot spike triggered bhv variables
load social gaze with camera-2 only of 20250219
load spike data for 20250219_Dodson_SR_withKoala
plot event aligned firing rate
plot strategy aligned firing rate
plot spike triggered bhv variables
load social gaze with camera-2 only of 20250220
load spike data for 20250220_Dodson_MC_withKoala
plot event aligned firing rate
plot strategy aligned firing rate
plot spike triggered bhv variables
load social gaze with camera-2 only of 20250224
load spike data for 20250224_Dodson_KoalaAL_withKoala
plot event aligned firing rate
plot strategy aligned firing rate
plot spike triggered bhv variables
load social gaze with camera-2 only of 20250226
load spike data for 20250226_Dodson_MC_withKoala
plot event aligned firing rate
plot strategy aligned firing rate
plot spike triggered bhv variables
load social gaze with camera-2 only of 20250227
load spike data for 20250227_Dodson_KoalaAL_withKoala
plot event aligned firing rate
plot strategy aligned firing rate
plot spike triggered bhv variables
load social gaze with camera-2 only of 20250228
load spike data for 20250228_Dodson_DodsonAL_withKoala
plot event aligned firing rate
plot strategy aligned firing rate
plot spike triggered bhv variables
load social gaze with camera-2 only of 20250304
load spike data for 20250304_Dodson_DodsonAL_withKoala
plot event aligned firing rate
plot strategy aligned firing rate
plot spike triggered bhv variables
load social gaze with camera-2 only of 20250305
load spike data for 20250305_Dodson_MC_withKoala
plot event aligned firing rate
plot strategy aligned firing rate
plot spike triggered bhv variables
load social gaze with camera-2 only of 20250306
load spike data for 20250306_Dodson_KoalaAL_withKoala
plot event aligned firing rate
plot strategy aligned firing rate
plot spike triggered bhv variables
load social gaze with camera-2 only of 20250307
load spike data for 20250307_Dodson_DodsonAL_withKoala
plot event aligned firing rate
plot strategy aligned firing rate
plot spike triggered bhv variables
load social gaze with camera-2 only of 20250310
load spike data for 20250310_Dodson_MC_withKoala
plot event aligned firing rate
plot strategy aligned firing rate
plot spike triggered bhv variables
load social gaze with camera-2 only of 20250312
load spike data for 20250312_Dodson_NV_withKoala
plot event aligned firing rate
plot strategy aligned firing rate
plot spike triggered bhv variables
load social gaze with camera-2 only of 20250313
load spike data for 20250313_Dodson_NV_withKoala
plot event aligned firing rate
plot strategy aligned firing rate
plot spike triggered bhv variables
load social gaze with camera-2 only of 20250314
load spike data for 20250314_Dodson_NV_withKoala
plot event aligned firing rate
plot strategy aligned firing rate
plot spike triggered bhv variables
load social gaze with camera-2 only of 20250401
load spike data for 20250401_Dodson_MC_withKanga
plot event aligned firing rate
plot strategy aligned firing rate
plot spike triggered bhv variables
load social gaze with camera-2 only of 20250402
load spike data for 20250402_Dodson_MC_withKanga
plot event aligned firing rate
plot strategy aligned firing rate
plot spike triggered bhv variables
load social gaze with camera-2 only of 20250403
load spike data for 20250403_Dodson_MC_withKanga
plot event aligned firing rate
plot strategy aligned firing rate
plot spike triggered bhv variables
load social gaze with camera-2 only of 20250404
load spike data for 20250404_Dodson_SR_withKanga
plot event aligned firing rate
plot strategy aligned firing rate
plot spike triggered bhv variables
load social gaze with camera-2 only of 20250407
load spike data for 20250407_Dodson_SR_withKanga
plot event aligned firing rate
plot strategy aligned firing rate
plot spike triggered bhv variables
load social gaze with camera-2 only of 20250408
load spike data for 20250408_Dodson_SR_withKanga
plot event aligned firing rate
plot strategy aligned firing rate
plot spike triggered bhv variables
load social gaze with camera-2 only of 20250409
load spike data for 20250409_Dodson_MC_withKanga
plot event aligned firing rate
plot strategy aligned firing rate
plot spike triggered bhv variables
load social gaze with camera-2 only of 20250415
load spike data for 20250415_Dodson_MC_withKanga
plot event aligned firing rate
plot strategy aligned firing rate
plot spike triggered bhv variables
load social gaze with camera-2 only of 20250416
load spike data for 20250416_Dodson_SR_withKanga
plot event aligned firing rate
plot strategy aligned firing rate
plot spike triggered bhv variables
load social gaze with camera-2 only of 20250417
load spike data for 20250417_Dodson_MC_withKanga
plot event aligned firing rate
plot strategy aligned firing rate
plot spike triggered bhv variables
load social gaze with camera-2 only of 20250418
load spike data for 20250418_Dodson_SR_withKanga
plot event aligned firing rate
plot strategy aligned firing rate
plot spike triggered bhv variables
load social gaze with camera-2 only of 20250421
load spike data for 20250421_Dodson_SR_withKanga
plot event aligned firing rate
plot strategy aligned firing rate
plot spike triggered bhv variables
load social gaze with camera-2 only of 20250422
analyze social gaze with camera-2 only of 20250422
load spike data for 20250422_Dodson_MC_withKanga
plot event aligned firing rate
plot strategy aligned firing rate
plot spike triggered bhv variables
load social gaze with camera-2 only of 20250422_SR
analyze social gaze with camera-2 only of 20250422_SR
load spike data for 20250422_Dodson_SR_withKanga
plot event aligned firing rate
plot strategy aligned firing rate
plot spike triggered bhv variables
20250401 mismatched number
20250401 mismatched number
20250401 mismatched number
20250401 mismatched number
20250401 mismatched number
20250401 mismatched number
20250401 mismatched number
20250401 mismatched number
20250401 mismatched number
20250401 mismatched number
20250401 mismatched number
20250401 mismatched number
20250401 mismatched number
20250401 mismatched number
20250401 mismatched number
20250401 mismatched number
20250401 mismatched number
20250401 mismatched number
20250401 mismatched number
20250401 mismatched number
20250401 mismatched number
20250401 mismatched number
20250401 mismatched number
20250401 mismatched number
20250401 mismatched number
20250401 mismatched number
20250401 mismatched number
20250401 mismatched number
20250401 mismatched number
20250401 mismatched number
20250401 mismatched number
20250401 mismatched number
20250409 mismatched number
20250409 mismatched number
20250409 mismatched number
20250409 mismatched number
20250409 mismatched number
20250409 mismatched number
20250409 mismatched number
20250409 mismatched number
20250409 mismatched number
20250409 mismatched number
20250409 mismatched number
20250409 mismatched number
20250409 mismatched number
20250409 mismatched number
20250409 mismatched number
20250409 mismatched number
20250409 mismatched number
20250409 mismatched number
20250409 mismatched number
20250409 mismatched number
correlation between:corr_PClength_vs_gaze_accumulation succrate
condition
MC_withKanga   -0.02368
SR_withKanga        NaN
dtype: float64
Traceback (most recent call last):
  File "basic_neural_analysis_allsessions_basicEvents_PCA_makeBhvNeuronVideos_Pullfocused_continuousBhv.py", line 3489, in <module>
    bhvevents_aligned_FR_and_eventFeatures_all_dates_df = pd.concat(all_dates_dfs, ignore_index=True)
  File "/gpfs/radev/home/ws523/.conda/envs/DLC/lib/python3.8/site-packages/pandas/util/_decorators.py", line 311, in wrapper
    return func(*args, **kwargs)
  File "/gpfs/radev/home/ws523/.conda/envs/DLC/lib/python3.8/site-packages/pandas/core/reshape/concat.py", line 294, in concat
    op = _Concatenator(
  File "/gpfs/radev/home/ws523/.conda/envs/DLC/lib/python3.8/site-packages/pandas/core/reshape/concat.py", line 351, in __init__
    raise ValueError("No objects to concatenate")
ValueError: No objects to concatenate
