The following modules were not unloaded:
  (Use "module --force purge" to unload all):

  1) StdEnv
/usr/share/lmod/lmod/init/bash: line 171: conda: command not found
/gpfs/radev/home/ws523/marmoset_tracking_DLCv2/following_up_analysis/3d_recontruction_analysis_self_and_coop_task_neural_analysis/ana_functions/body_part_locs_singlecam.py:123: RuntimeWarning: Mean of empty slice
  mass_loc_a2 = np.nanmean(np.vstack((lefteye_loc_a2,righteye_loc_a2,lefteye_loc_a2,righteye_loc_a2,whiblz_loc_a2,mouth_loc_a2)),axis=0)
/gpfs/radev/home/ws523/marmoset_tracking_DLCv2/following_up_analysis/3d_recontruction_analysis_self_and_coop_task_neural_analysis/ana_functions/body_part_locs_singlecam.py:111: RuntimeWarning: Mean of empty slice
  mass_loc_a1 = np.nanmean(np.vstack((lefteye_loc_a1,righteye_loc_a1,lefteye_loc_a1,righteye_loc_a1,whiblz_loc_a1,mouth_loc_a1)),axis=0)
analyze all dates
load social gaze with camera-2 only of 20240508
load spike data for 20240508_Kanga_SR
plot spike triggered bhv variables
load social gaze with camera-2 only of 20240509
load spike data for 20240509_Kanga_MC
plot spike triggered bhv variables
load social gaze with camera-2 only of 20240513
load spike data for 20240513_Kanga_MC
plot spike triggered bhv variables
load social gaze with camera-2 only of 20240514
load spike data for 20240514_Kanga_SR
plot spike triggered bhv variables
load social gaze with camera-2 only of 20240523
load spike data for 20240523_Kanga_MC
plot spike triggered bhv variables
load social gaze with camera-2 only of 20240524
load spike data for 20240524_Kanga_SR
plot spike triggered bhv variables
load social gaze with camera-2 only of 20240606
load spike data for 20240606_Kanga_MC
plot spike triggered bhv variables
load social gaze with camera-2 only of 20240613
load spike data for 20240613_Kanga_MC_DannonAuto
plot spike triggered bhv variables
load social gaze with camera-2 only of 20240614
analyze social gaze with camera-2 only of 20240614
load spike data for 20240614_Kanga_MC_DannonAuto
plot spike triggered bhv variables
load social gaze with camera-2 only of 20240617
analyze social gaze with camera-2 only of 20240617
load spike data for 20240617_Kanga_MC_DannonAuto
plot spike triggered bhv variables
load social gaze with camera-2 only of 20240618
analyze social gaze with camera-2 only of 20240618
load spike data for 20240618_Kanga_MC_KangaAuto
plot spike triggered bhv variables
load social gaze with camera-2 only of 20240619
load spike data for 20240619_Kanga_MC_KangaAuto
plot spike triggered bhv variables
load social gaze with camera-2 only of 20240620
analyze social gaze with camera-2 only of 20240620
load spike data for 20240620_Kanga_MC_KangaAuto
plot spike triggered bhv variables
load social gaze with camera-2 only of 20240621_1
load spike data for 20240621_1_Kanga_NoVis
plot spike triggered bhv variables
load social gaze with camera-2 only of 20240624
analyze social gaze with camera-2 only of 20240624
load spike data for 20240624_Kanga_NoVis
plot spike triggered bhv variables
load social gaze with camera-2 only of 20240626
analyze social gaze with camera-2 only of 20240626
load spike data for 20240626_Kanga_NoVis
plot spike triggered bhv variables
Traceback (most recent call last):
  File "basic_neural_analysis_allsessions_basicEvents_PCA_makeBhvNeuronVideos.py", line 1161, in <module>
    spike_trig_events_pca = pca.fit_transform(spike_trig_events_tgt)
  File "/home/ws523/.conda/envs/DLC/lib/python3.8/site-packages/sklearn/decomposition/_pca.py", line 407, in fit_transform
    U, S, Vt = self._fit(X)
  File "/home/ws523/.conda/envs/DLC/lib/python3.8/site-packages/sklearn/decomposition/_pca.py", line 430, in _fit
    X = self._validate_data(
  File "/home/ws523/.conda/envs/DLC/lib/python3.8/site-packages/sklearn/base.py", line 561, in _validate_data
    X = check_array(X, **check_params)
  File "/home/ws523/.conda/envs/DLC/lib/python3.8/site-packages/sklearn/utils/validation.py", line 792, in check_array
    _assert_all_finite(array, allow_nan=force_all_finite == "allow-nan")
  File "/home/ws523/.conda/envs/DLC/lib/python3.8/site-packages/sklearn/utils/validation.py", line 114, in _assert_all_finite
    raise ValueError(
ValueError: Input contains NaN, infinity or a value too large for dtype('float64').
